2014-05-27 08:27:29 org.catais.Basisplan [INFO] Start: Tue May 27 08:27:29 CEST 2014
2014-05-27 08:27:29 org.catais.Basisplan [DEBUG] Properties filename: /home/stefan/Projekte/av_basisplan/03_amtliche_vermessung/jar/itf2avdpoolng.properties
2014-05-27 08:27:29 org.catais.Basisplan [DEBUG] {port=5432, doDeleteFiles=true, doExport=false, schema=av_avdpool_ch, doPostprocessing=false, doUpdateSearchTables=false, importDestinationDir=/tmp/, doUpdateAddresses=false, vacuum=av_avdpool_ch, importModelName=DM01AVCH24D, importSourceDir=/home/stefan/Geodaten/av/sz/tmp/, doCommit2Svn=false, host=localhost, renumberTid=true, doIli2freeframe=false, doImport=true, reindex=av_avdpool_ch, enumText=true, doGeobau=false, doCommit2GitHub=false, addAttr=true, pwd=bpadmin, doMopublic=false, dbname=bpav_sz, doFusion=false, user=bpadmin, doIli2ch=false}
2014-05-27 08:27:29 org.catais.Basisplan [INFO] doImport: true
2014-05-27 08:27:29 org.catais.Basisplan [INFO] doAvwms: null
2014-05-27 08:27:29 org.catais.Basisplan [INFO] doIli2ch: false
2014-05-27 08:27:29 org.catais.Basisplan [INFO] doIli2freeframe: false
2014-05-27 08:27:29 org.catais.Basisplan [INFO] doGeobau: false
2014-05-27 08:27:29 org.catais.Basisplan [INFO] doMopublic: false
2014-05-27 08:27:29 org.catais.Basisplan [INFO] doCommit2Svn: false
2014-05-27 08:27:29 org.catais.Basisplan [INFO] doCommit2GitHub: false
2014-05-27 08:27:29 org.catais.Basisplan [INFO] doDeleteFiles: true
2014-05-27 08:27:29 org.catais.Basisplan [INFO] doVacuum: av_avdpool_ch
2014-05-27 08:27:29 org.catais.Basisplan [INFO] doReindex: av_avdpool_ch
2014-05-27 08:27:29 org.catais.Basisplan [INFO] doExport: false
2014-05-27 08:27:29 org.catais.Basisplan [INFO] doFusion: false
2014-05-27 08:27:29 org.catais.Basisplan [INFO] doPostprocessing: false
2014-05-27 08:27:29 org.catais.Basisplan [INFO] doUpdateAddresses: false
2014-05-27 08:27:29 org.catais.Basisplan [INFO] doUpdateSearchTables: false
2014-05-27 08:27:29 org.catais.Basisplan [INFO] Start import...
2014-05-27 08:27:29 org.catais.importdata.ImportDataAVGeoPortal [INFO] Import: /home/stefan/Geodaten/av/sz/tmp/lisag_1367_l1.itf
2014-05-27 08:27:29 org.catais.importdata.IliReader [DEBUG] inputRepoModelName: DM01AVCH24D
2014-05-27 08:27:29 org.catais.importdata.IliReader [DEBUG] enumText: true
2014-05-27 08:27:29 org.catais.importdata.IliReader [DEBUG] host: localhost
2014-05-27 08:27:29 org.catais.importdata.IliReader [DEBUG] port: 5432
2014-05-27 08:27:29 org.catais.importdata.IliReader [DEBUG] port: bpav_sz
2014-05-27 08:27:29 org.catais.importdata.IliReader [DEBUG] schema: av_avdpool_ch
2014-05-27 08:27:29 org.catais.importdata.IliReader [DEBUG] user: bpadmin
2014-05-27 08:27:29 org.catais.importdata.IliReader [DEBUG] pwd: bpadmin
2014-05-27 08:27:29 org.catais.importdata.IliReader [INFO] DM01AVCH24D
2014-05-27 08:27:29 org.catais.importdata.IliReader [DEBUG] Interlis model compiled
2014-05-27 08:27:29 org.catais.importdata.IliReader [DEBUG] Starting Transaction...
2014-05-27 08:27:30 org.catais.importdata.IliReader [INFO] Delete features: fixpunktekategorie1_lfp1nachfuehrung
2014-05-27 08:27:30 org.catais.importdata.IliReader [INFO] Delete features: fixpunktekategorie1_lfp1
2014-05-27 08:27:30 org.catais.importdata.IliReader [INFO] Delete features: fixpunktekategorie1_lfp1pos
2014-05-27 08:27:30 org.catais.importdata.IliReader [INFO] Delete features: fixpunktekategorie1_lfp1symbol
2014-05-27 08:27:30 org.catais.importdata.IliReader [INFO] Delete features: fixpunktekategorie1_hfp1nachfuehrung
2014-05-27 08:27:30 org.catais.importdata.IliReader [INFO] Delete features: fixpunktekategorie1_hfp1
2014-05-27 08:27:30 org.catais.importdata.IliReader [INFO] Delete features: fixpunktekategorie1_hfp1pos
2014-05-27 08:27:30 org.catais.importdata.IliReader [INFO] Delete features: fixpunktekategorie2_lfp2nachfuehrung
2014-05-27 08:27:30 org.catais.importdata.IliReader [INFO] Delete features: fixpunktekategorie2_lfp2
2014-05-27 08:27:30 org.catais.importdata.IliReader [INFO] Delete features: fixpunktekategorie2_lfp2pos
2014-05-27 08:27:30 org.catais.importdata.IliReader [INFO] Delete features: fixpunktekategorie2_lfp2symbol
2014-05-27 08:27:30 org.catais.importdata.IliReader [INFO] Delete features: fixpunktekategorie2_hfp2nachfuehrung
2014-05-27 08:27:30 org.catais.importdata.IliReader [INFO] Delete features: fixpunktekategorie2_hfp2
2014-05-27 08:27:30 org.catais.importdata.IliReader [INFO] Delete features: fixpunktekategorie2_hfp2pos
2014-05-27 08:27:30 org.catais.importdata.IliReader [INFO] Delete features: fixpunktekategorie3_lfp3nachfuehrung
2014-05-27 08:27:30 org.catais.importdata.IliReader [INFO] Delete features: fixpunktekategorie3_lfp3
2014-05-27 08:27:30 org.catais.importdata.IliReader [INFO] Delete features: fixpunktekategorie3_lfp3pos
2014-05-27 08:27:30 org.catais.importdata.IliReader [INFO] Delete features: fixpunktekategorie3_lfp3symbol
2014-05-27 08:27:30 org.catais.importdata.IliReader [INFO] Delete features: fixpunktekategorie3_hfp3nachfuehrung
2014-05-27 08:27:30 org.catais.importdata.IliReader [INFO] Delete features: fixpunktekategorie3_hfp3
2014-05-27 08:27:30 org.catais.importdata.IliReader [INFO] Delete features: fixpunktekategorie3_hfp3pos
2014-05-27 08:27:30 org.catais.importdata.IliReader [INFO] Delete features: bodenbedeckung_bbnachfuehrung
2014-05-27 08:27:30 org.catais.importdata.IliReader [INFO] Delete features: bodenbedeckung_projboflaeche
2014-05-27 08:27:30 org.catais.importdata.IliReader [INFO] Delete features: bodenbedeckung_projgebaeudenummer
2014-05-27 08:27:30 org.catais.importdata.IliReader [INFO] Delete features: bodenbedeckung_projgebaeudenummerpos
2014-05-27 08:27:30 org.catais.importdata.IliReader [INFO] Delete features: bodenbedeckung_projobjektname
2014-05-27 08:27:30 org.catais.importdata.IliReader [INFO] Delete features: bodenbedeckung_projobjektnamepos
2014-05-27 08:27:31 org.catais.importdata.IliReader [INFO] Delete features: bodenbedeckung_projboflaechesymbol
2014-05-27 08:27:31 org.catais.importdata.IliReader [INFO] Delete features: bodenbedeckung_boflaeche
2014-05-27 08:27:31 org.catais.importdata.IliReader [INFO] Delete features: bodenbedeckung_gebaeudenummer
2014-05-27 08:27:31 org.catais.importdata.IliReader [INFO] Delete features: bodenbedeckung_gebaeudenummerpos
2014-05-27 08:27:31 org.catais.importdata.IliReader [INFO] Delete features: bodenbedeckung_objektname
2014-05-27 08:27:31 org.catais.importdata.IliReader [INFO] Delete features: bodenbedeckung_objektnamepos
2014-05-27 08:27:31 org.catais.importdata.IliReader [INFO] Delete features: bodenbedeckung_boflaechesymbol
2014-05-27 08:27:31 org.catais.importdata.IliReader [INFO] Delete features: bodenbedeckung_einzelpunkt
2014-05-27 08:27:31 org.catais.importdata.IliReader [INFO] Delete features: bodenbedeckung_einzelpunktpos
2014-05-27 08:27:31 org.catais.importdata.IliReader [INFO] Delete features: einzelobjekte_eonachfuehrung
2014-05-27 08:27:31 org.catais.importdata.IliReader [INFO] Delete features: einzelobjekte_einzelobjekt
2014-05-27 08:27:31 org.catais.importdata.IliReader [INFO] Delete features: einzelobjekte_flaechenelement
2014-05-27 08:27:31 org.catais.importdata.IliReader [INFO] Delete features: einzelobjekte_flaechenelementsymbol
2014-05-27 08:27:31 org.catais.importdata.IliReader [INFO] Delete features: einzelobjekte_linienelement
2014-05-27 08:27:31 org.catais.importdata.IliReader [INFO] Delete features: einzelobjekte_linienelementsymbol
2014-05-27 08:27:31 org.catais.importdata.IliReader [INFO] Delete features: einzelobjekte_punktelement
2014-05-27 08:27:31 org.catais.importdata.IliReader [INFO] Delete features: einzelobjekte_objektname
2014-05-27 08:27:31 org.catais.importdata.IliReader [INFO] Delete features: einzelobjekte_objektnamepos
2014-05-27 08:27:31 org.catais.importdata.IliReader [INFO] Delete features: einzelobjekte_objektnummer
2014-05-27 08:27:31 org.catais.importdata.IliReader [INFO] Delete features: einzelobjekte_objektnummerpos
2014-05-27 08:27:31 org.catais.importdata.IliReader [INFO] Delete features: einzelobjekte_einzelpunkt
2014-05-27 08:27:31 org.catais.importdata.IliReader [INFO] Delete features: einzelobjekte_einzelpunktpos
2014-05-27 08:27:31 org.catais.importdata.IliReader [INFO] Delete features: hoehen_honachfuehrung
2014-05-27 08:27:31 org.catais.importdata.IliReader [INFO] Delete features: hoehen_hoehenpunkt
2014-05-27 08:27:31 org.catais.importdata.IliReader [INFO] Delete features: hoehen_hoehenpunktpos
2014-05-27 08:27:31 org.catais.importdata.IliReader [INFO] Delete features: hoehen_gelaendekante
2014-05-27 08:27:31 org.catais.importdata.IliReader [INFO] Delete features: hoehen_aussparung
2014-05-27 08:27:31 org.catais.importdata.IliReader [INFO] Delete features: nomenklatur_nknachfuehrung
2014-05-27 08:27:31 org.catais.importdata.IliReader [INFO] Delete features: nomenklatur_flurname
2014-05-27 08:27:32 org.catais.importdata.IliReader [INFO] Delete features: nomenklatur_flurnamepos
2014-05-27 08:27:32 org.catais.importdata.IliReader [INFO] Delete features: nomenklatur_ortsname
2014-05-27 08:27:32 org.catais.importdata.IliReader [INFO] Delete features: nomenklatur_ortsnamepos
2014-05-27 08:27:32 org.catais.importdata.IliReader [INFO] Delete features: nomenklatur_gelaendename
2014-05-27 08:27:32 org.catais.importdata.IliReader [INFO] Delete features: nomenklatur_gelaendenamepos
2014-05-27 08:27:32 org.catais.importdata.IliReader [INFO] Delete features: liegenschaften_lsnachfuehrung
2014-05-27 08:27:32 org.catais.importdata.IliReader [INFO] Delete features: liegenschaften_grenzpunkt
2014-05-27 08:27:32 org.catais.importdata.IliReader [INFO] Delete features: liegenschaften_grenzpunktpos
2014-05-27 08:27:32 org.catais.importdata.IliReader [INFO] Delete features: liegenschaften_grenzpunktsymbol
2014-05-27 08:27:32 org.catais.importdata.IliReader [INFO] Delete features: liegenschaften_projgrundstueck
2014-05-27 08:27:32 org.catais.importdata.IliReader [INFO] Delete features: liegenschaften_projgrundstueckpos
2014-05-27 08:27:32 org.catais.importdata.IliReader [INFO] Delete features: liegenschaften_lineattrib1
2014-05-27 08:27:32 org.catais.importdata.IliReader [INFO] Delete features: liegenschaften_projliegenschaft
2014-05-27 08:27:32 org.catais.importdata.IliReader [INFO] Delete features: liegenschaften_lineattrib2
2014-05-27 08:27:32 org.catais.importdata.IliReader [INFO] Delete features: liegenschaften_projselbstrecht
2014-05-27 08:27:32 org.catais.importdata.IliReader [INFO] Delete features: liegenschaften_lineattrib3
2014-05-27 08:27:32 org.catais.importdata.IliReader [INFO] Delete features: liegenschaften_projbergwerk
2014-05-27 08:27:32 org.catais.importdata.IliReader [INFO] Delete features: liegenschaften_grundstueck
2014-05-27 08:27:32 org.catais.importdata.IliReader [INFO] Delete features: liegenschaften_grundstueckpos
2014-05-27 08:27:32 org.catais.importdata.IliReader [INFO] Delete features: liegenschaften_lineattrib4
2014-05-27 08:27:32 org.catais.importdata.IliReader [INFO] Delete features: liegenschaften_liegenschaft
2014-05-27 08:27:32 org.catais.importdata.IliReader [INFO] Delete features: liegenschaften_lineattrib5
2014-05-27 08:27:32 org.catais.importdata.IliReader [INFO] Delete features: liegenschaften_selbstrecht
2014-05-27 08:27:32 org.catais.importdata.IliReader [INFO] Delete features: liegenschaften_lineattrib6
2014-05-27 08:27:32 org.catais.importdata.IliReader [INFO] Delete features: liegenschaften_bergwerk
2014-05-27 08:27:32 org.catais.importdata.IliReader [INFO] Delete features: rohrleitungen_rlnachfuehrung
2014-05-27 08:27:32 org.catais.importdata.IliReader [INFO] Delete features: rohrleitungen_leitungsobjekt
2014-05-27 08:27:32 org.catais.importdata.IliReader [INFO] Delete features: rohrleitungen_leitungsobjektpos
2014-05-27 08:27:32 org.catais.importdata.IliReader [INFO] Delete features: rohrleitungen_lineattrib7
2014-05-27 08:27:32 org.catais.importdata.IliReader [INFO] Delete features: rohrleitungen_flaechenelement
2014-05-27 08:27:32 org.catais.importdata.IliReader [INFO] Delete features: rohrleitungen_linienelement
2014-05-27 08:27:32 org.catais.importdata.IliReader [INFO] Delete features: rohrleitungen_punktelement
2014-05-27 08:27:32 org.catais.importdata.IliReader [INFO] Delete features: rohrleitungen_signalpunkt
2014-05-27 08:27:32 org.catais.importdata.IliReader [INFO] Delete features: rohrleitungen_signalpunktpos
2014-05-27 08:27:32 org.catais.importdata.IliReader [INFO] Delete features: rohrleitungen_einzelpunkt
2014-05-27 08:27:32 org.catais.importdata.IliReader [INFO] Delete features: rohrleitungen_einzelpunktpos
2014-05-27 08:27:33 org.catais.importdata.IliReader [INFO] Delete features: nummerierungsbereiche_nummerierungsbereich
2014-05-27 08:27:33 org.catais.importdata.IliReader [INFO] Delete features: nummerierungsbereiche_nbgeometrie
2014-05-27 08:27:33 org.catais.importdata.IliReader [INFO] Delete features: nummerierungsbereiche_nummerierungsbereichpos
2014-05-27 08:27:33 org.catais.importdata.IliReader [INFO] Delete features: gemeindegrenzen_gemnachfuehrung
2014-05-27 08:27:33 org.catais.importdata.IliReader [INFO] Delete features: gemeindegrenzen_hoheitsgrenzpunkt
2014-05-27 08:27:33 org.catais.importdata.IliReader [INFO] Delete features: gemeindegrenzen_hoheitsgrenzpunktpos
2014-05-27 08:27:33 org.catais.importdata.IliReader [INFO] Delete features: gemeindegrenzen_hoheitsgrenzpunktsymbol
2014-05-27 08:27:33 org.catais.importdata.IliReader [INFO] Delete features: gemeindegrenzen_gemeinde
2014-05-27 08:27:33 org.catais.importdata.IliReader [INFO] Delete features: gemeindegrenzen_projgemeindegrenze
2014-05-27 08:27:33 org.catais.importdata.IliReader [INFO] Delete features: gemeindegrenzen_lineattrib8
2014-05-27 08:27:33 org.catais.importdata.IliReader [INFO] Delete features: gemeindegrenzen_gemeindegrenze
2014-05-27 08:27:33 org.catais.importdata.IliReader [INFO] Delete features: bezirksgrenzen_bezirksgrenzabschnitt
2014-05-27 08:27:33 org.catais.importdata.IliReader [INFO] Delete features: kantonsgrenzen_kantonsgrenzabschnitt
2014-05-27 08:27:33 org.catais.importdata.IliReader [INFO] Delete features: landesgrenzen_landesgrenzabschnitt
2014-05-27 08:27:33 org.catais.importdata.IliReader [INFO] Delete features: planeinteilungen_plan
2014-05-27 08:27:33 org.catais.importdata.IliReader [INFO] Delete features: planeinteilungen_plangeometrie
2014-05-27 08:27:33 org.catais.importdata.IliReader [INFO] Delete features: planeinteilungen_planpos
2014-05-27 08:27:33 org.catais.importdata.IliReader [INFO] Delete features: tseinteilung_toleranzstufe
2014-05-27 08:27:33 org.catais.importdata.IliReader [INFO] Delete features: tseinteilung_toleranzstufepos
2014-05-27 08:27:33 org.catais.importdata.IliReader [INFO] Delete features: rutschgebiete_rutschung
2014-05-27 08:27:33 org.catais.importdata.IliReader [INFO] Delete features: rutschgebiete_rutschungpos
2014-05-27 08:27:33 org.catais.importdata.IliReader [INFO] Delete features: plzortschaft_osnachfuehrung
2014-05-27 08:27:33 org.catais.importdata.IliReader [INFO] Delete features: plzortschaft_ortschaftsverbund
2014-05-27 08:27:33 org.catais.importdata.IliReader [INFO] Delete features: plzortschaft_ortschaftsverbundtext
2014-05-27 08:27:33 org.catais.importdata.IliReader [INFO] Delete features: plzortschaft_ortschaft
2014-05-27 08:27:33 org.catais.importdata.IliReader [INFO] Delete features: plzortschaft_ortschaftsname
2014-05-27 08:27:33 org.catais.importdata.IliReader [INFO] Delete features: plzortschaft_ortschaftsname_pos
2014-05-27 08:27:33 org.catais.importdata.IliReader [INFO] Delete features: plzortschaft_plz6nachfuehrung
2014-05-27 08:27:33 org.catais.importdata.IliReader [INFO] Delete features: plzortschaft_plz6
2014-05-27 08:27:33 org.catais.importdata.IliReader [INFO] Delete features: gebaeudeadressen_gebnachfuehrung
2014-05-27 08:27:33 org.catais.importdata.IliReader [INFO] Delete features: gebaeudeadressen_lokalisation
2014-05-27 08:27:33 org.catais.importdata.IliReader [INFO] Delete features: gebaeudeadressen_lokalisationsname
2014-05-27 08:27:33 org.catais.importdata.IliReader [INFO] Delete features: gebaeudeadressen_lokalisationsnamepos
2014-05-27 08:27:33 org.catais.importdata.IliReader [INFO] Delete features: gebaeudeadressen_benanntesgebiet
2014-05-27 08:27:33 org.catais.importdata.IliReader [INFO] Delete features: gebaeudeadressen_strassenstueck
2014-05-27 08:27:33 org.catais.importdata.IliReader [INFO] Delete features: gebaeudeadressen_gebaeudeeingang
2014-05-27 08:27:33 org.catais.importdata.IliReader [INFO] Delete features: gebaeudeadressen_hausnummerpos
2014-05-27 08:27:33 org.catais.importdata.IliReader [INFO] Delete features: gebaeudeadressen_gebaeudename
2014-05-27 08:27:33 org.catais.importdata.IliReader [INFO] Delete features: gebaeudeadressen_gebaeudenamepos
2014-05-27 08:27:33 org.catais.importdata.IliReader [INFO] Delete features: gebaeudeadressen_gebaeudebeschreibung
2014-05-27 08:27:33 org.catais.importdata.IliReader [INFO] Delete features: planrahmen_planlayout
2014-05-27 08:27:33 org.catais.importdata.IliReader [INFO] Delete features: planrahmen_planbeschriftung
2014-05-27 08:27:33 org.catais.importdata.IliReader [INFO] Delete features: planrahmen_planbeschriftungpos
2014-05-27 08:27:33 org.catais.importdata.IliReader [INFO] Delete features: planrahmen_koordinatenanschrift
2014-05-27 08:27:34 org.catais.importdata.IliReader [INFO] Delete features: planrahmen_koordinatenanschriftpos
2014-05-27 08:27:34 org.catais.importdata.IliReader [INFO] Delete features: planrahmen_linienobjekt
2014-05-27 08:27:34 org.catais.importdata.IliReader [INFO] Delete features: planrahmen_koordinatenlinie
2014-05-27 08:27:34 org.catais.importdata.IliReader [INFO] Delete features: planrahmen_darstellungsflaeche
2014-05-27 08:27:34 org.catais.importdata.IliReader [INFO] Delete features: planrahmen_planlayoutsymbol
2014-05-27 08:27:34 org.catais.importdata.IliReader [INFO] Delete features: planrahmen_netzkreuz
2014-05-27 08:27:34 org.catais.importdata.IliReader [DEBUG] DM01AVCH24D.FixpunkteKategorie1(oid itf0)...
2014-05-27 08:27:34 org.catais.importdata.IliReader [DEBUG] DM01AVCH24D.FixpunkteKategorie2(oid itf1)...
2014-05-27 08:27:34 org.catais.importdata.IliReader [DEBUG] Add features: DM01AVCH24D.FixpunkteKategorie2.LFP2
2014-05-27 08:27:34 org.catais.importdata.IliReader [DEBUG] Add features: DM01AVCH24D.FixpunkteKategorie2.LFP2Nachfuehrung
2014-05-27 08:27:34 org.catais.importdata.IliReader [DEBUG] Add features: DM01AVCH24D.FixpunkteKategorie2.LFP2Pos
2014-05-27 08:27:34 org.catais.importdata.IliReader [DEBUG] Add features: DM01AVCH24D.FixpunkteKategorie2.LFP2Symbol
2014-05-27 08:27:34 org.catais.importdata.IliReader [DEBUG] Add features: DM01AVCH24D.FixpunkteKategorie2.LFP2Nachfuehrung
2014-05-27 08:27:34 org.catais.importdata.IliReader [DEBUG] Add features: DM01AVCH24D.FixpunkteKategorie2.HFP2
2014-05-27 08:27:34 org.catais.importdata.IliReader [DEBUG] Add features: DM01AVCH24D.FixpunkteKategorie2.HFP2Nachfuehrung
2014-05-27 08:27:34 org.catais.importdata.IliReader [DEBUG] DM01AVCH24D.FixpunkteKategorie3(oid itf2)...
2014-05-27 08:27:34 org.catais.importdata.IliReader [DEBUG] Add features: DM01AVCH24D.FixpunkteKategorie2.HFP2Pos
2014-05-27 08:27:34 org.catais.importdata.IliReader [DEBUG] Add features: DM01AVCH24D.FixpunkteKategorie2.HFP2Nachfuehrung
2014-05-27 08:27:34 org.catais.importdata.IliReader [DEBUG] Add features: DM01AVCH24D.FixpunkteKategorie3.LFP3
2014-05-27 08:27:35 org.catais.importdata.IliReader [DEBUG] Add features: DM01AVCH24D.FixpunkteKategorie3.LFP3Nachfuehrung
2014-05-27 08:27:35 org.catais.importdata.IliReader [DEBUG] Add features: DM01AVCH24D.FixpunkteKategorie3.LFP3Pos
2014-05-27 08:27:35 org.catais.importdata.IliReader [DEBUG] Add features: DM01AVCH24D.FixpunkteKategorie3.LFP3Symbol
2014-05-27 08:27:35 org.catais.importdata.IliReader [DEBUG] DM01AVCH24D.Bodenbedeckung(oid itf3)...
2014-05-27 08:27:35 org.catais.importdata.IliReader [DEBUG] Add features: DM01AVCH24D.FixpunkteKategorie3.LFP3Nachfuehrung
2014-05-27 08:27:35 org.catais.importdata.IliReader [DEBUG] Add features: DM01AVCH24D.FixpunkteKategorie3.HFP3Nachfuehrung
2014-05-27 08:27:35 org.catais.importdata.IliReader [DEBUG] Add features: DM01AVCH24D.Bodenbedeckung.BBNachfuehrung
2014-05-27 08:27:35 org.catais.importdata.IliReader [DEBUG] Add features: DM01AVCH24D.Bodenbedeckung.BBNachfuehrung
2014-05-27 08:27:35 org.catais.importdata.IliReader [DEBUG] Add features: DM01AVCH24D.Bodenbedeckung.ProjBoFlaeche
2014-05-27 08:27:35 org.catais.importdata.IliReader [DEBUG] Add features: DM01AVCH24D.Bodenbedeckung.ProjGebaeudenummer
2014-05-27 08:27:35 org.catais.importdata.IliReader [DEBUG] Add features: DM01AVCH24D.Bodenbedeckung.ProjGebaeudenummerPos
2014-05-27 08:27:47 org.catais.importdata.IliReader [DEBUG] Add features: DM01AVCH24D.Bodenbedeckung.BoFlaeche
2014-05-27 08:27:56 org.catais.importdata.IliReader [DEBUG] Add features: DM01AVCH24D.Bodenbedeckung.Gebaeudenummer
2014-05-27 08:27:57 org.catais.importdata.IliReader [DEBUG] Add features: DM01AVCH24D.Bodenbedeckung.GebaeudenummerPos
2014-05-27 08:27:58 org.catais.importdata.IliReader [DEBUG] Add features: DM01AVCH24D.Bodenbedeckung.Objektname
2014-05-27 08:27:58 org.catais.importdata.IliReader [DEBUG] Add features: DM01AVCH24D.Bodenbedeckung.ObjektnamePos
2014-05-27 08:27:58 org.catais.importdata.IliReader [DEBUG] Add features: DM01AVCH24D.Bodenbedeckung.BoFlaecheSymbol
2014-05-27 08:27:59 org.catais.importdata.IliReader [DEBUG] Add features: DM01AVCH24D.Bodenbedeckung.Einzelpunkt
2014-05-27 08:28:09 org.catais.importdata.IliReader [DEBUG] DM01AVCH24D.Einzelobjekte(oid itf4)...
2014-05-27 08:28:09 org.catais.importdata.IliReader [DEBUG] Add features: DM01AVCH24D.Bodenbedeckung.EinzelpunktPos
2014-05-27 08:28:17 org.catais.importdata.IliReader [DEBUG] Add features: DM01AVCH24D.Bodenbedeckung.ProjBoFlaeche
2014-05-27 08:28:17 org.catais.importdata.IliReader [DEBUG] Add features: DM01AVCH24D.Einzelobjekte.EONachfuehrung
2014-05-27 08:28:18 org.catais.importdata.IliReader [DEBUG] Add features: DM01AVCH24D.Einzelobjekte.Einzelobjekt
2014-05-27 08:28:20 org.catais.importdata.IliReader [DEBUG] Add features: DM01AVCH24D.Einzelobjekte.EONachfuehrung
2014-05-27 08:28:20 org.catais.importdata.IliReader [DEBUG] Add features: DM01AVCH24D.Einzelobjekte.Flaechenelement
2014-05-27 08:28:22 org.catais.importdata.IliReader [DEBUG] Add features: DM01AVCH24D.Einzelobjekte.FlaechenelementSymbol
2014-05-27 08:28:23 org.catais.importdata.IliReader [DEBUG] Add features: DM01AVCH24D.Einzelobjekte.Linienelement
2014-05-27 08:28:25 org.catais.importdata.IliReader [DEBUG] Add features: DM01AVCH24D.Einzelobjekte.LinienelementSymbol
2014-05-27 08:28:25 org.catais.importdata.IliReader [DEBUG] Add features: DM01AVCH24D.Einzelobjekte.Punktelement
2014-05-27 08:28:25 org.catais.importdata.IliReader [DEBUG] Add features: DM01AVCH24D.Einzelobjekte.Objektname
2014-05-27 08:28:25 org.catais.importdata.IliReader [DEBUG] Add features: DM01AVCH24D.Einzelobjekte.ObjektnamePos
2014-05-27 08:28:25 org.catais.importdata.IliReader [DEBUG] Add features: DM01AVCH24D.Einzelobjekte.Objektnummer
2014-05-27 08:28:26 org.catais.importdata.IliReader [DEBUG] Add features: DM01AVCH24D.Einzelobjekte.ObjektnummerPos
2014-05-27 08:28:26 org.catais.importdata.IliReader [DEBUG] Add features: DM01AVCH24D.Einzelobjekte.Einzelpunkt
2014-05-27 08:28:31 org.catais.importdata.IliReader [DEBUG] DM01AVCH24D.Hoehen(oid itf5)...
2014-05-27 08:28:31 org.catais.importdata.IliReader [DEBUG] DM01AVCH24D.Nomenklatur(oid itf6)...
2014-05-27 08:28:31 org.catais.importdata.IliReader [DEBUG] Add features: DM01AVCH24D.Einzelobjekte.EinzelpunktPos
2014-05-27 08:28:35 org.catais.importdata.IliReader [DEBUG] Add features: DM01AVCH24D.Einzelobjekte.Flaechenelement
2014-05-27 08:28:35 org.catais.importdata.IliReader [DEBUG] Add features: DM01AVCH24D.Nomenklatur.Flurname
2014-05-27 08:28:36 org.catais.importdata.IliReader [DEBUG] Add features: DM01AVCH24D.Nomenklatur.FlurnamePos
2014-05-27 08:28:36 org.catais.importdata.IliReader [DEBUG] Add features: DM01AVCH24D.Nomenklatur.NKNachfuehrung
2014-05-27 08:28:36 org.catais.importdata.IliReader [DEBUG] Add features: DM01AVCH24D.Nomenklatur.NKNachfuehrung
2014-05-27 08:28:36 org.catais.importdata.IliReader [DEBUG] Add features: DM01AVCH24D.Nomenklatur.Ortsname
2014-05-27 08:28:36 org.catais.importdata.IliReader [DEBUG] Add features: DM01AVCH24D.Nomenklatur.OrtsnamePos
2014-05-27 08:28:36 org.catais.importdata.IliReader [DEBUG] Add features: DM01AVCH24D.Nomenklatur.Gelaendename
2014-05-27 08:28:36 org.catais.importdata.IliReader [DEBUG] DM01AVCH24D.Liegenschaften(oid itf7)...
2014-05-27 08:28:36 org.catais.importdata.IliReader [DEBUG] Add features: DM01AVCH24D.Nomenklatur.GelaendenamePos
2014-05-27 08:28:37 org.catais.importdata.IliReader [DEBUG] Add features: DM01AVCH24D.Nomenklatur.Ortsname
2014-05-27 08:28:37 org.catais.importdata.IliReader [DEBUG] Add features: DM01AVCH24D.Liegenschaften.LSNachfuehrung
2014-05-27 08:28:38 org.catais.importdata.IliReader [DEBUG] Add features: DM01AVCH24D.Liegenschaften.Grenzpunkt
2014-05-27 08:28:52 org.catais.importdata.IliReader [DEBUG] Add features: DM01AVCH24D.Liegenschaften.GrenzpunktPos
2014-05-27 08:29:07 org.catais.importdata.IliReader [DEBUG] Add features: DM01AVCH24D.Liegenschaften.GrenzpunktSymbol
2014-05-27 08:29:18 org.catais.importdata.IliReader [DEBUG] Add features: DM01AVCH24D.Liegenschaften.ProjGrundstueck
2014-05-27 08:29:18 org.catais.importdata.IliReader [DEBUG] Add features: DM01AVCH24D.Liegenschaften.ProjGrundstueckPos
2014-05-27 08:29:18 org.catais.importdata.IliReader [DEBUG] Add features: DM01AVCH24D.Liegenschaften.LSNachfuehrung
2014-05-27 08:29:18 org.catais.importdata.IliReader [DEBUG] Add features: DM01AVCH24D.Liegenschaften.ProjLiegenschaft
2014-05-27 08:29:19 org.catais.importdata.IliReader [DEBUG] Add features: DM01AVCH24D.Liegenschaften.ProjLiegenschaft
2014-05-27 08:29:19 org.catais.importdata.IliReader [DEBUG] Add features: DM01AVCH24D.Liegenschaften.ProjSelbstRecht
2014-05-27 08:29:19 org.catais.importdata.IliReader [DEBUG] Add features: DM01AVCH24D.Liegenschaften.Grundstueck
2014-05-27 08:29:20 org.catais.importdata.IliReader [DEBUG] Add features: DM01AVCH24D.Liegenschaften.GrundstueckPos
2014-05-27 08:29:21 org.catais.importdata.IliReader [DEBUG] Add features: DM01AVCH24D.Liegenschaften.Liegenschaft
2014-05-27 08:29:23 org.catais.importdata.IliReader [DEBUG] Add features: DM01AVCH24D.Liegenschaften.ProjSelbstRecht
2014-05-27 08:29:23 org.catais.importdata.IliReader [DEBUG] DM01AVCH24D.Rohrleitungen(oid itf8)...
2014-05-27 08:29:23 org.catais.importdata.IliReader [DEBUG] Add features: DM01AVCH24D.Liegenschaften.SelbstRecht
2014-05-27 08:29:23 org.catais.importdata.IliReader [DEBUG] DM01AVCH24D.Nummerierungsbereiche(oid itf9)...
2014-05-27 08:29:23 org.catais.importdata.IliReader [DEBUG] Add features: DM01AVCH24D.Liegenschaften.SelbstRecht
2014-05-27 08:29:23 org.catais.importdata.IliReader [DEBUG] Add features: DM01AVCH24D.Nummerierungsbereiche.Nummerierungsbereich
2014-05-27 08:29:23 org.catais.importdata.IliReader [DEBUG] Add features: DM01AVCH24D.Rohrleitungen.RLNachfuehrung
2014-05-27 08:29:23 org.catais.importdata.IliReader [DEBUG] Add features: DM01AVCH24D.Rohrleitungen.RLNachfuehrung
2014-05-27 08:29:23 org.catais.importdata.IliReader [DEBUG] Add features: DM01AVCH24D.Nummerierungsbereiche.NBGeometrie
2014-05-27 08:29:24 org.catais.importdata.IliReader [DEBUG] DM01AVCH24D.Gemeindegrenzen(oid itf10)...
2014-05-27 08:29:24 org.catais.importdata.IliReader [DEBUG] Add features: DM01AVCH24D.Nummerierungsbereiche.NummerierungsbereichPos
2014-05-27 08:29:24 org.catais.importdata.IliReader [DEBUG] Add features: DM01AVCH24D.Nummerierungsbereiche.NBGeometrie
2014-05-27 08:29:24 org.catais.importdata.IliReader [DEBUG] Add features: DM01AVCH24D.Gemeindegrenzen.GEMNachfuehrung
2014-05-27 08:29:25 org.catais.importdata.IliReader [DEBUG] Add features: DM01AVCH24D.Gemeindegrenzen.Hoheitsgrenzpunkt
2014-05-27 08:29:27 org.catais.importdata.IliReader [DEBUG] Add features: DM01AVCH24D.Gemeindegrenzen.HoheitsgrenzpunktPos
2014-05-27 08:29:28 org.catais.importdata.IliReader [DEBUG] Add features: DM01AVCH24D.Gemeindegrenzen.HoheitsgrenzpunktSymbol
2014-05-27 08:29:29 org.catais.importdata.IliReader [DEBUG] Add features: DM01AVCH24D.Gemeindegrenzen.Gemeinde
2014-05-27 08:29:29 org.catais.importdata.IliReader [DEBUG] DM01AVCH24D.Bezirksgrenzen(oid itf11)...
2014-05-27 08:29:29 org.catais.importdata.IliReader [DEBUG] Add features: DM01AVCH24D.Gemeindegrenzen.Gemeindegrenze
2014-05-27 08:29:29 org.catais.importdata.IliReader [DEBUG] DM01AVCH24D.Kantonsgrenzen(oid itf12)...
2014-05-27 08:29:29 org.catais.importdata.IliReader [DEBUG] Add features: DM01AVCH24D.Bezirksgrenzen.Bezirksgrenzabschnitt
2014-05-27 08:29:29 org.catais.importdata.IliReader [DEBUG] DM01AVCH24D.Landesgrenzen(oid itf13)...
2014-05-27 08:29:29 org.catais.importdata.IliReader [DEBUG] DM01AVCH24D.Planeinteilungen(oid itf14)...
2014-05-27 08:29:29 org.catais.importdata.IliReader [DEBUG] Add features: DM01AVCH24D.Kantonsgrenzen.Kantonsgrenzabschnitt
2014-05-27 08:29:29 org.catais.importdata.IliReader [DEBUG] Add features: DM01AVCH24D.Planeinteilungen.Plan
2014-05-27 08:29:30 org.catais.importdata.IliReader [DEBUG] Add features: DM01AVCH24D.Planeinteilungen.Plangeometrie
2014-05-27 08:29:30 org.catais.importdata.IliReader [DEBUG] DM01AVCH24D.TSEinteilung(oid itf15)...
2014-05-27 08:29:30 org.catais.importdata.IliReader [DEBUG] Add features: DM01AVCH24D.Planeinteilungen.PlanPos
2014-05-27 08:29:30 org.catais.importdata.IliReader [DEBUG] Add features: DM01AVCH24D.TSEinteilung.Toleranzstufe
2014-05-27 08:29:30 org.catais.importdata.IliReader [DEBUG] DM01AVCH24D.Rutschgebiete(oid itf16)...
2014-05-27 08:29:30 org.catais.importdata.IliReader [DEBUG] DM01AVCH24D.Gebaeudeadressen(oid itf17)...
2014-05-27 08:29:30 org.catais.importdata.IliReader [DEBUG] Add features: DM01AVCH24D.TSEinteilung.ToleranzstufePos
2014-05-27 08:29:30 org.catais.importdata.IliReader [DEBUG] Add features: DM01AVCH24D.Gemeindegrenzen.GEMNachfuehrung
2014-05-27 08:29:30 org.catais.importdata.IliReader [DEBUG] Add features: DM01AVCH24D.Gebaeudeadressen.Lokalisation
2014-05-27 08:29:30 org.catais.importdata.IliReader [DEBUG] Add features: DM01AVCH24D.Gebaeudeadressen.GEBNachfuehrung
2014-05-27 08:29:30 org.catais.importdata.IliReader [DEBUG] Add features: DM01AVCH24D.Gebaeudeadressen.LokalisationsName
2014-05-27 08:29:31 org.catais.importdata.IliReader [DEBUG] Add features: DM01AVCH24D.Gebaeudeadressen.LokalisationsNamePos
2014-05-27 08:29:31 org.catais.importdata.IliReader [DEBUG] Add features: DM01AVCH24D.Gebaeudeadressen.GEBNachfuehrung
2014-05-27 08:29:31 org.catais.importdata.IliReader [DEBUG] Add features: DM01AVCH24D.Gebaeudeadressen.BenanntesGebiet
2014-05-27 08:29:31 org.catais.importdata.IliReader [DEBUG] Add features: DM01AVCH24D.Gebaeudeadressen.Strassenstueck
2014-05-27 08:29:33 org.catais.importdata.IliReader [DEBUG] Add features: DM01AVCH24D.Gebaeudeadressen.Gebaeudeeingang
2014-05-27 08:29:34 org.catais.importdata.IliReader [DEBUG] Add features: DM01AVCH24D.Gebaeudeadressen.HausnummerPos
2014-05-27 08:29:34 org.catais.importdata.IliReader [DEBUG] Add features: DM01AVCH24D.Gebaeudeadressen.GebaeudeName
2014-05-27 08:29:34 org.catais.importdata.IliReader [DEBUG] DM01AVCH24D.Planrahmen(oid itf18)...
2014-05-27 08:29:34 org.catais.importdata.IliReader [DEBUG] Add features: DM01AVCH24D.Gebaeudeadressen.GebaeudeNamePos
2014-05-27 08:29:34 org.catais.importdata.IliReader [DEBUG] Add features: DM01AVCH24D.Planrahmen.PlanLayout
2014-05-27 08:29:34 org.catais.importdata.IliReader [DEBUG] Add features: DM01AVCH24D.Planrahmen.Planbeschriftung
2014-05-27 08:29:34 org.catais.importdata.IliReader [DEBUG] Add features: DM01AVCH24D.Planrahmen.PlanbeschriftungPos
2014-05-27 08:29:35 org.catais.importdata.IliReader [DEBUG] Committing Transaction...
2014-05-27 08:29:35 org.catais.importdata.ImportDataAVGeoPortal [INFO] Copying file...
2014-05-27 08:29:35 org.catais.importdata.ImportDataAVGeoPortal [INFO] File copied: /tmp/lisag_1367_l1.itf
2014-05-27 08:29:35 org.catais.importdata.ImportDataAVGeoPortal [INFO] Import done: lisag_1367_l1.itf
2014-05-27 08:29:35 org.catais.importdata.ImportDataAVGeoPortal [INFO] Import: /home/stefan/Geodaten/av/sz/tmp/lisag_1322_l1.itf
2014-05-27 08:29:35 org.catais.importdata.IliReader [DEBUG] inputRepoModelName: DM01AVCH24D
2014-05-27 08:29:35 org.catais.importdata.IliReader [DEBUG] enumText: true
2014-05-27 08:29:35 org.catais.importdata.IliReader [DEBUG] host: localhost
2014-05-27 08:29:35 org.catais.importdata.IliReader [DEBUG] port: 5432
2014-05-27 08:29:35 org.catais.importdata.IliReader [DEBUG] port: bpav_sz
2014-05-27 08:29:35 org.catais.importdata.IliReader [DEBUG] schema: av_avdpool_ch
2014-05-27 08:29:35 org.catais.importdata.IliReader [DEBUG] user: bpadmin
2014-05-27 08:29:35 org.catais.importdata.IliReader [DEBUG] pwd: bpadmin
2014-05-27 08:29:35 org.catais.importdata.IliReader [INFO] DM01AVCH24D
2014-05-27 08:29:35 org.catais.importdata.IliReader [DEBUG] Interlis model compiled
2014-05-27 08:29:35 org.catais.importdata.IliReader [DEBUG] Starting Transaction...
2014-05-27 08:29:35 org.catais.importdata.IliReader [INFO] Delete features: fixpunktekategorie1_lfp1nachfuehrung
2014-05-27 08:29:35 org.catais.importdata.IliReader [INFO] Delete features: fixpunktekategorie1_lfp1
2014-05-27 08:29:35 org.catais.importdata.IliReader [INFO] Delete features: fixpunktekategorie1_lfp1pos
2014-05-27 08:29:35 org.catais.importdata.IliReader [INFO] Delete features: fixpunktekategorie1_lfp1symbol
2014-05-27 08:29:35 org.catais.importdata.IliReader [INFO] Delete features: fixpunktekategorie1_hfp1nachfuehrung
2014-05-27 08:29:35 org.catais.importdata.IliReader [INFO] Delete features: fixpunktekategorie1_hfp1
2014-05-27 08:29:35 org.catais.importdata.IliReader [INFO] Delete features: fixpunktekategorie1_hfp1pos
2014-05-27 08:29:35 org.catais.importdata.IliReader [INFO] Delete features: fixpunktekategorie2_lfp2nachfuehrung
2014-05-27 08:29:36 org.catais.importdata.IliReader [INFO] Delete features: fixpunktekategorie2_lfp2
2014-05-27 08:29:36 org.catais.importdata.IliReader [INFO] Delete features: fixpunktekategorie2_lfp2pos
2014-05-27 08:29:36 org.catais.importdata.IliReader [INFO] Delete features: fixpunktekategorie2_lfp2symbol
2014-05-27 08:29:36 org.catais.importdata.IliReader [INFO] Delete features: fixpunktekategorie2_hfp2nachfuehrung
2014-05-27 08:29:36 org.catais.importdata.IliReader [INFO] Delete features: fixpunktekategorie2_hfp2
2014-05-27 08:29:36 org.catais.importdata.IliReader [INFO] Delete features: fixpunktekategorie2_hfp2pos
2014-05-27 08:29:36 org.catais.importdata.IliReader [INFO] Delete features: fixpunktekategorie3_lfp3nachfuehrung
2014-05-27 08:29:36 org.catais.importdata.IliReader [INFO] Delete features: fixpunktekategorie3_lfp3
2014-05-27 08:29:36 org.catais.importdata.IliReader [INFO] Delete features: fixpunktekategorie3_lfp3pos
2014-05-27 08:29:36 org.catais.importdata.IliReader [INFO] Delete features: fixpunktekategorie3_lfp3symbol
2014-05-27 08:29:36 org.catais.importdata.IliReader [INFO] Delete features: fixpunktekategorie3_hfp3nachfuehrung
2014-05-27 08:29:36 org.catais.importdata.IliReader [INFO] Delete features: fixpunktekategorie3_hfp3
2014-05-27 08:29:36 org.catais.importdata.IliReader [INFO] Delete features: fixpunktekategorie3_hfp3pos
2014-05-27 08:29:36 org.catais.importdata.IliReader [INFO] Delete features: bodenbedeckung_bbnachfuehrung
2014-05-27 08:29:36 org.catais.importdata.IliReader [INFO] Delete features: bodenbedeckung_projboflaeche
2014-05-27 08:29:36 org.catais.importdata.IliReader [INFO] Delete features: bodenbedeckung_projgebaeudenummer
2014-05-27 08:29:36 org.catais.importdata.IliReader [INFO] Delete features: bodenbedeckung_projgebaeudenummerpos
2014-05-27 08:29:36 org.catais.importdata.IliReader [INFO] Delete features: bodenbedeckung_projobjektname
2014-05-27 08:29:36 org.catais.importdata.IliReader [INFO] Delete features: bodenbedeckung_projobjektnamepos
2014-05-27 08:29:36 org.catais.importdata.IliReader [INFO] Delete features: bodenbedeckung_projboflaechesymbol
2014-05-27 08:29:36 org.catais.importdata.IliReader [INFO] Delete features: bodenbedeckung_boflaeche
2014-05-27 08:29:37 org.catais.importdata.IliReader [INFO] Delete features: bodenbedeckung_gebaeudenummer
2014-05-27 08:29:37 org.catais.importdata.IliReader [INFO] Delete features: bodenbedeckung_gebaeudenummerpos
2014-05-27 08:29:37 org.catais.importdata.IliReader [INFO] Delete features: bodenbedeckung_objektname
2014-05-27 08:29:37 org.catais.importdata.IliReader [INFO] Delete features: bodenbedeckung_objektnamepos
2014-05-27 08:29:37 org.catais.importdata.IliReader [INFO] Delete features: bodenbedeckung_boflaechesymbol
2014-05-27 08:29:37 org.catais.importdata.IliReader [INFO] Delete features: bodenbedeckung_einzelpunkt
2014-05-27 08:29:37 org.catais.importdata.IliReader [INFO] Delete features: bodenbedeckung_einzelpunktpos
2014-05-27 08:29:37 org.catais.importdata.IliReader [INFO] Delete features: einzelobjekte_eonachfuehrung
2014-05-27 08:29:37 org.catais.importdata.IliReader [INFO] Delete features: einzelobjekte_einzelobjekt
2014-05-27 08:29:38 org.catais.importdata.IliReader [INFO] Delete features: einzelobjekte_flaechenelement
2014-05-27 08:29:38 org.catais.importdata.IliReader [INFO] Delete features: einzelobjekte_flaechenelementsymbol
2014-05-27 08:29:38 org.catais.importdata.IliReader [INFO] Delete features: einzelobjekte_linienelement
2014-05-27 08:29:38 org.catais.importdata.IliReader [INFO] Delete features: einzelobjekte_linienelementsymbol
2014-05-27 08:29:38 org.catais.importdata.IliReader [INFO] Delete features: einzelobjekte_punktelement
2014-05-27 08:29:38 org.catais.importdata.IliReader [INFO] Delete features: einzelobjekte_objektname
2014-05-27 08:29:38 org.catais.importdata.IliReader [INFO] Delete features: einzelobjekte_objektnamepos
2014-05-27 08:29:38 org.catais.importdata.IliReader [INFO] Delete features: einzelobjekte_objektnummer
2014-05-27 08:29:38 org.catais.importdata.IliReader [INFO] Delete features: einzelobjekte_objektnummerpos
2014-05-27 08:29:38 org.catais.importdata.IliReader [INFO] Delete features: einzelobjekte_einzelpunkt
2014-05-27 08:29:38 org.catais.importdata.IliReader [INFO] Delete features: einzelobjekte_einzelpunktpos
2014-05-27 08:29:38 org.catais.importdata.IliReader [INFO] Delete features: hoehen_honachfuehrung
2014-05-27 08:29:38 org.catais.importdata.IliReader [INFO] Delete features: hoehen_hoehenpunkt
2014-05-27 08:29:38 org.catais.importdata.IliReader [INFO] Delete features: hoehen_hoehenpunktpos
2014-05-27 08:29:38 org.catais.importdata.IliReader [INFO] Delete features: hoehen_gelaendekante
2014-05-27 08:29:38 org.catais.importdata.IliReader [INFO] Delete features: hoehen_aussparung
2014-05-27 08:29:38 org.catais.importdata.IliReader [INFO] Delete features: nomenklatur_nknachfuehrung
2014-05-27 08:29:39 org.catais.importdata.IliReader [INFO] Delete features: nomenklatur_flurname
2014-05-27 08:29:39 org.catais.importdata.IliReader [INFO] Delete features: nomenklatur_flurnamepos
2014-05-27 08:29:39 org.catais.importdata.IliReader [INFO] Delete features: nomenklatur_ortsname
2014-05-27 08:29:39 org.catais.importdata.IliReader [INFO] Delete features: nomenklatur_ortsnamepos
2014-05-27 08:29:39 org.catais.importdata.IliReader [INFO] Delete features: nomenklatur_gelaendename
2014-05-27 08:29:39 org.catais.importdata.IliReader [INFO] Delete features: nomenklatur_gelaendenamepos
2014-05-27 08:29:39 org.catais.importdata.IliReader [INFO] Delete features: liegenschaften_lsnachfuehrung
2014-05-27 08:29:39 org.catais.importdata.IliReader [INFO] Delete features: liegenschaften_grenzpunkt
2014-05-27 08:29:39 org.catais.importdata.IliReader [INFO] Delete features: liegenschaften_grenzpunktpos
2014-05-27 08:29:39 org.catais.importdata.IliReader [INFO] Delete features: liegenschaften_grenzpunktsymbol
2014-05-27 08:29:40 org.catais.importdata.IliReader [INFO] Delete features: liegenschaften_projgrundstueck
2014-05-27 08:29:40 org.catais.importdata.IliReader [INFO] Delete features: liegenschaften_projgrundstueckpos
2014-05-27 08:29:40 org.catais.importdata.IliReader [INFO] Delete features: liegenschaften_lineattrib1
2014-05-27 08:29:40 org.catais.importdata.IliReader [INFO] Delete features: liegenschaften_projliegenschaft
2014-05-27 08:29:40 org.catais.importdata.IliReader [INFO] Delete features: liegenschaften_lineattrib2
2014-05-27 08:29:40 org.catais.importdata.IliReader [INFO] Delete features: liegenschaften_projselbstrecht
2014-05-27 08:29:40 org.catais.importdata.IliReader [INFO] Delete features: liegenschaften_lineattrib3
2014-05-27 08:29:40 org.catais.importdata.IliReader [INFO] Delete features: liegenschaften_projbergwerk
2014-05-27 08:29:40 org.catais.importdata.IliReader [INFO] Delete features: liegenschaften_grundstueck
2014-05-27 08:29:40 org.catais.importdata.IliReader [INFO] Delete features: liegenschaften_grundstueckpos
2014-05-27 08:29:40 org.catais.importdata.IliReader [INFO] Delete features: liegenschaften_lineattrib4
2014-05-27 08:29:40 org.catais.importdata.IliReader [INFO] Delete features: liegenschaften_liegenschaft
2014-05-27 08:29:41 org.catais.importdata.IliReader [INFO] Delete features: liegenschaften_lineattrib5
2014-05-27 08:29:41 org.catais.importdata.IliReader [INFO] Delete features: liegenschaften_selbstrecht
2014-05-27 08:29:41 org.catais.importdata.IliReader [INFO] Delete features: liegenschaften_lineattrib6
2014-05-27 08:29:41 org.catais.importdata.IliReader [INFO] Delete features: liegenschaften_bergwerk
2014-05-27 08:29:41 org.catais.importdata.IliReader [INFO] Delete features: rohrleitungen_rlnachfuehrung
2014-05-27 08:29:41 org.catais.importdata.IliReader [INFO] Delete features: rohrleitungen_leitungsobjekt
2014-05-27 08:29:41 org.catais.importdata.IliReader [INFO] Delete features: rohrleitungen_leitungsobjektpos
2014-05-27 08:29:41 org.catais.importdata.IliReader [INFO] Delete features: rohrleitungen_lineattrib7
2014-05-27 08:29:41 org.catais.importdata.IliReader [INFO] Delete features: rohrleitungen_flaechenelement
2014-05-27 08:29:41 org.catais.importdata.IliReader [INFO] Delete features: rohrleitungen_linienelement
2014-05-27 08:29:41 org.catais.importdata.IliReader [INFO] Delete features: rohrleitungen_punktelement
2014-05-27 08:29:41 org.catais.importdata.IliReader [INFO] Delete features: rohrleitungen_signalpunkt
2014-05-27 08:29:41 org.catais.importdata.IliReader [INFO] Delete features: rohrleitungen_signalpunktpos
2014-05-27 08:29:41 org.catais.importdata.IliReader [INFO] Delete features: rohrleitungen_einzelpunkt
2014-05-27 08:29:41 org.catais.importdata.IliReader [INFO] Delete features: rohrleitungen_einzelpunktpos
2014-05-27 08:29:41 org.catais.importdata.IliReader [INFO] Delete features: nummerierungsbereiche_nummerierungsbereich
2014-05-27 08:29:41 org.catais.importdata.IliReader [INFO] Delete features: nummerierungsbereiche_nbgeometrie
2014-05-27 08:29:41 org.catais.importdata.IliReader [INFO] Delete features: nummerierungsbereiche_nummerierungsbereichpos
2014-05-27 08:29:41 org.catais.importdata.IliReader [INFO] Delete features: gemeindegrenzen_gemnachfuehrung
2014-05-27 08:29:41 org.catais.importdata.IliReader [INFO] Delete features: gemeindegrenzen_hoheitsgrenzpunkt
2014-05-27 08:29:41 org.catais.importdata.IliReader [INFO] Delete features: gemeindegrenzen_hoheitsgrenzpunktpos
2014-05-27 08:29:41 org.catais.importdata.IliReader [INFO] Delete features: gemeindegrenzen_hoheitsgrenzpunktsymbol
2014-05-27 08:29:41 org.catais.importdata.IliReader [INFO] Delete features: gemeindegrenzen_gemeinde
2014-05-27 08:29:42 org.catais.importdata.IliReader [INFO] Delete features: gemeindegrenzen_projgemeindegrenze
2014-05-27 08:29:42 org.catais.importdata.IliReader [INFO] Delete features: gemeindegrenzen_lineattrib8
2014-05-27 08:29:42 org.catais.importdata.IliReader [INFO] Delete features: gemeindegrenzen_gemeindegrenze
2014-05-27 08:29:42 org.catais.importdata.IliReader [INFO] Delete features: bezirksgrenzen_bezirksgrenzabschnitt
2014-05-27 08:29:42 org.catais.importdata.IliReader [INFO] Delete features: kantonsgrenzen_kantonsgrenzabschnitt
2014-05-27 08:29:42 org.catais.importdata.IliReader [INFO] Delete features: landesgrenzen_landesgrenzabschnitt
2014-05-27 08:29:42 org.catais.importdata.IliReader [INFO] Delete features: planeinteilungen_plan
2014-05-27 08:29:42 org.catais.importdata.IliReader [INFO] Delete features: planeinteilungen_plangeometrie
2014-05-27 08:29:42 org.catais.importdata.IliReader [INFO] Delete features: planeinteilungen_planpos
2014-05-27 08:29:42 org.catais.importdata.IliReader [INFO] Delete features: tseinteilung_toleranzstufe
2014-05-27 08:29:42 org.catais.importdata.IliReader [INFO] Delete features: tseinteilung_toleranzstufepos
2014-05-27 08:29:42 org.catais.importdata.IliReader [INFO] Delete features: rutschgebiete_rutschung
2014-05-27 08:29:42 org.catais.importdata.IliReader [INFO] Delete features: rutschgebiete_rutschungpos
2014-05-27 08:29:42 org.catais.importdata.IliReader [INFO] Delete features: plzortschaft_osnachfuehrung
2014-05-27 08:29:42 org.catais.importdata.IliReader [INFO] Delete features: plzortschaft_ortschaftsverbund
2014-05-27 08:29:42 org.catais.importdata.IliReader [INFO] Delete features: plzortschaft_ortschaftsverbundtext
2014-05-27 08:29:42 org.catais.importdata.IliReader [INFO] Delete features: plzortschaft_ortschaft
2014-05-27 08:29:42 org.catais.importdata.IliReader [INFO] Delete features: plzortschaft_ortschaftsname
2014-05-27 08:29:42 org.catais.importdata.IliReader [INFO] Delete features: plzortschaft_ortschaftsname_pos
2014-05-27 08:29:42 org.catais.importdata.IliReader [INFO] Delete features: plzortschaft_plz6nachfuehrung
2014-05-27 08:29:42 org.catais.importdata.IliReader [INFO] Delete features: plzortschaft_plz6
2014-05-27 08:29:42 org.catais.importdata.IliReader [INFO] Delete features: gebaeudeadressen_gebnachfuehrung
2014-05-27 08:29:42 org.catais.importdata.IliReader [INFO] Delete features: gebaeudeadressen_lokalisation
2014-05-27 08:29:42 org.catais.importdata.IliReader [INFO] Delete features: gebaeudeadressen_lokalisationsname
2014-05-27 08:29:42 org.catais.importdata.IliReader [INFO] Delete features: gebaeudeadressen_lokalisationsnamepos
2014-05-27 08:29:42 org.catais.importdata.IliReader [INFO] Delete features: gebaeudeadressen_benanntesgebiet
2014-05-27 08:29:42 org.catais.importdata.IliReader [INFO] Delete features: gebaeudeadressen_strassenstueck
2014-05-27 08:29:42 org.catais.importdata.IliReader [INFO] Delete features: gebaeudeadressen_gebaeudeeingang
2014-05-27 08:29:42 org.catais.importdata.IliReader [INFO] Delete features: gebaeudeadressen_hausnummerpos
2014-05-27 08:29:43 org.catais.importdata.IliReader [INFO] Delete features: gebaeudeadressen_gebaeudename
2014-05-27 08:29:43 org.catais.importdata.IliReader [INFO] Delete features: gebaeudeadressen_gebaeudenamepos
2014-05-27 08:29:43 org.catais.importdata.IliReader [INFO] Delete features: gebaeudeadressen_gebaeudebeschreibung
2014-05-27 08:29:43 org.catais.importdata.IliReader [INFO] Delete features: planrahmen_planlayout
2014-05-27 08:29:43 org.catais.importdata.IliReader [INFO] Delete features: planrahmen_planbeschriftung
2014-05-27 08:29:43 org.catais.importdata.IliReader [INFO] Delete features: planrahmen_planbeschriftungpos
2014-05-27 08:29:43 org.catais.importdata.IliReader [INFO] Delete features: planrahmen_koordinatenanschrift
2014-05-27 08:29:43 org.catais.importdata.IliReader [INFO] Delete features: planrahmen_koordinatenanschriftpos
2014-05-27 08:29:43 org.catais.importdata.IliReader [INFO] Delete features: planrahmen_linienobjekt
2014-05-27 08:29:43 org.catais.importdata.IliReader [INFO] Delete features: planrahmen_koordinatenlinie
2014-05-27 08:29:43 org.catais.importdata.IliReader [INFO] Delete features: planrahmen_darstellungsflaeche
2014-05-27 08:29:43 org.catais.importdata.IliReader [INFO] Delete features: planrahmen_planlayoutsymbol
2014-05-27 08:29:43 org.catais.importdata.IliReader [INFO] Delete features: planrahmen_netzkreuz
2014-05-27 08:29:43 org.catais.importdata.IliReader [DEBUG] DM01AVCH24D.FixpunkteKategorie1(oid itf0)...
2014-05-27 08:29:43 org.catais.importdata.IliReader [DEBUG] Add features: DM01AVCH24D.FixpunkteKategorie1.HFP1
2014-05-27 08:29:43 org.catais.importdata.IliReader [DEBUG] Add features: DM01AVCH24D.FixpunkteKategorie1.HFP1Nachfuehrung
2014-05-27 08:29:44 org.catais.importdata.IliReader [DEBUG] DM01AVCH24D.FixpunkteKategorie2(oid itf1)...
2014-05-27 08:29:44 org.catais.importdata.IliReader [DEBUG] Add features: DM01AVCH24D.FixpunkteKategorie1.HFP1Pos
2014-05-27 08:29:44 org.catais.importdata.IliReader [DEBUG] Add features: DM01AVCH24D.FixpunkteKategorie1.HFP1Nachfuehrung
2014-05-27 08:29:44 org.catais.importdata.IliReader [DEBUG] Add features: DM01AVCH24D.FixpunkteKategorie2.LFP2
2014-05-27 08:29:44 org.catais.importdata.IliReader [DEBUG] Add features: DM01AVCH24D.FixpunkteKategorie2.LFP2Nachfuehrung
2014-05-27 08:29:44 org.catais.importdata.IliReader [DEBUG] Add features: DM01AVCH24D.FixpunkteKategorie2.LFP2Pos
2014-05-27 08:29:44 org.catais.importdata.IliReader [DEBUG] DM01AVCH24D.FixpunkteKategorie3(oid itf2)...
2014-05-27 08:29:44 org.catais.importdata.IliReader [DEBUG] Add features: DM01AVCH24D.FixpunkteKategorie2.LFP2Symbol
2014-05-27 08:29:44 org.catais.importdata.IliReader [DEBUG] Add features: DM01AVCH24D.FixpunkteKategorie2.LFP2Nachfuehrung
2014-05-27 08:29:44 org.catais.importdata.IliReader [DEBUG] Add features: DM01AVCH24D.FixpunkteKategorie3.LFP3Nachfuehrung
2014-05-27 08:29:44 org.catais.importdata.IliReader [DEBUG] Add features: DM01AVCH24D.FixpunkteKategorie3.LFP3
2014-05-27 08:29:44 org.catais.importdata.IliReader [DEBUG] Add features: DM01AVCH24D.FixpunkteKategorie3.LFP3Pos
2014-05-27 08:29:45 org.catais.importdata.IliReader [DEBUG] Add features: DM01AVCH24D.FixpunkteKategorie3.LFP3Symbol
2014-05-27 08:29:45 org.catais.importdata.IliReader [DEBUG] DM01AVCH24D.Bodenbedeckung(oid itf3)...
2014-05-27 08:29:45 org.catais.importdata.IliReader [DEBUG] Add features: DM01AVCH24D.FixpunkteKategorie3.LFP3Nachfuehrung
2014-05-27 08:29:45 org.catais.importdata.IliReader [DEBUG] Add features: DM01AVCH24D.FixpunkteKategorie3.HFP3Nachfuehrung
2014-05-27 08:29:45 org.catais.importdata.IliReader [DEBUG] Add features: DM01AVCH24D.Bodenbedeckung.BBNachfuehrung
2014-05-27 08:29:46 org.catais.importdata.IliReader [DEBUG] Add features: DM01AVCH24D.Bodenbedeckung.BBNachfuehrung
2014-05-27 08:29:46 org.catais.importdata.IliReader [DEBUG] Add features: DM01AVCH24D.Bodenbedeckung.ProjBoFlaeche
2014-05-27 08:29:46 org.catais.importdata.IliReader [DEBUG] Add features: DM01AVCH24D.Bodenbedeckung.ProjGebaeudenummer
2014-05-27 08:29:46 org.catais.importdata.IliReader [DEBUG] Add features: DM01AVCH24D.Bodenbedeckung.ProjGebaeudenummerPos
2014-05-27 08:29:55 org.catais.importdata.IliReader [DEBUG] Add features: DM01AVCH24D.Bodenbedeckung.BoFlaeche
2014-05-27 08:30:05 org.catais.importdata.IliReader [DEBUG] Add features: DM01AVCH24D.Bodenbedeckung.Gebaeudenummer
2014-05-27 08:30:07 org.catais.importdata.IliReader [DEBUG] Add features: DM01AVCH24D.Bodenbedeckung.GebaeudenummerPos
2014-05-27 08:30:09 org.catais.importdata.IliReader [DEBUG] Add features: DM01AVCH24D.Bodenbedeckung.Objektname
2014-05-27 08:30:09 org.catais.importdata.IliReader [DEBUG] Add features: DM01AVCH24D.Bodenbedeckung.ObjektnamePos
2014-05-27 08:30:09 org.catais.importdata.IliReader [DEBUG] Add features: DM01AVCH24D.Bodenbedeckung.BoFlaecheSymbol
2014-05-27 08:30:10 org.catais.importdata.IliReader [DEBUG] Add features: DM01AVCH24D.Bodenbedeckung.Einzelpunkt
2014-05-27 08:30:22 org.catais.importdata.IliReader [DEBUG] DM01AVCH24D.Einzelobjekte(oid itf4)...
2014-05-27 08:30:22 org.catais.importdata.IliReader [DEBUG] Add features: DM01AVCH24D.Bodenbedeckung.EinzelpunktPos
2014-05-27 08:30:33 org.catais.importdata.IliReader [DEBUG] Add features: DM01AVCH24D.Bodenbedeckung.ProjBoFlaeche
2014-05-27 08:30:33 org.catais.importdata.IliReader [DEBUG] Add features: DM01AVCH24D.Einzelobjekte.EONachfuehrung
2014-05-27 08:30:33 org.catais.importdata.IliReader [DEBUG] Add features: DM01AVCH24D.Einzelobjekte.Einzelobjekt
2014-05-27 08:30:37 org.catais.importdata.IliReader [DEBUG] Add features: DM01AVCH24D.Einzelobjekte.EONachfuehrung
2014-05-27 08:30:37 org.catais.importdata.IliReader [DEBUG] Add features: DM01AVCH24D.Einzelobjekte.Flaechenelement
2014-05-27 08:30:40 org.catais.importdata.IliReader [DEBUG] Add features: DM01AVCH24D.Einzelobjekte.Linienelement
2014-05-27 08:30:44 org.catais.importdata.IliReader [DEBUG] Add features: DM01AVCH24D.Einzelobjekte.LinienelementSymbol
2014-05-27 08:30:44 org.catais.importdata.IliReader [DEBUG] Add features: DM01AVCH24D.Einzelobjekte.Punktelement
2014-05-27 08:30:44 org.catais.importdata.IliReader [DEBUG] Add features: DM01AVCH24D.Einzelobjekte.Objektname
2014-05-27 08:30:44 org.catais.importdata.IliReader [DEBUG] Add features: DM01AVCH24D.Einzelobjekte.ObjektnamePos
2014-05-27 08:30:44 org.catais.importdata.IliReader [DEBUG] Add features: DM01AVCH24D.Einzelobjekte.Objektnummer
2014-05-27 08:30:44 org.catais.importdata.IliReader [DEBUG] Add features: DM01AVCH24D.Einzelobjekte.ObjektnummerPos
2014-05-27 08:30:44 org.catais.importdata.IliReader [DEBUG] Add features: DM01AVCH24D.Einzelobjekte.Einzelpunkt
2014-05-27 08:30:46 org.catais.importdata.IliReader [DEBUG] DM01AVCH24D.Hoehen(oid itf5)...
2014-05-27 08:30:46 org.catais.importdata.IliReader [DEBUG] DM01AVCH24D.Nomenklatur(oid itf6)...
2014-05-27 08:30:46 org.catais.importdata.IliReader [DEBUG] Add features: DM01AVCH24D.Einzelobjekte.EinzelpunktPos
2014-05-27 08:30:48 org.catais.importdata.IliReader [DEBUG] Add features: DM01AVCH24D.Einzelobjekte.Flaechenelement
2014-05-27 08:30:48 org.catais.importdata.IliReader [DEBUG] Add features: DM01AVCH24D.Nomenklatur.NKNachfuehrung
2014-05-27 08:30:48 org.catais.importdata.IliReader [DEBUG] Add features: DM01AVCH24D.Nomenklatur.Flurname
2014-05-27 08:30:49 org.catais.importdata.IliReader [DEBUG] Add features: DM01AVCH24D.Nomenklatur.FlurnamePos
2014-05-27 08:30:49 org.catais.importdata.IliReader [DEBUG] Add features: DM01AVCH24D.Nomenklatur.NKNachfuehrung
2014-05-27 08:30:49 org.catais.importdata.IliReader [DEBUG] Add features: DM01AVCH24D.Nomenklatur.Ortsname
2014-05-27 08:30:49 org.catais.importdata.IliReader [DEBUG] DM01AVCH24D.Liegenschaften(oid itf7)...
2014-05-27 08:30:49 org.catais.importdata.IliReader [DEBUG] Add features: DM01AVCH24D.Nomenklatur.OrtsnamePos
2014-05-27 08:30:49 org.catais.importdata.IliReader [DEBUG] Add features: DM01AVCH24D.Nomenklatur.Ortsname
2014-05-27 08:30:49 org.catais.importdata.IliReader [DEBUG] Add features: DM01AVCH24D.Liegenschaften.LSNachfuehrung
2014-05-27 08:30:49 org.catais.importdata.IliReader [DEBUG] Add features: DM01AVCH24D.Liegenschaften.Grenzpunkt
2014-05-27 08:31:00 org.catais.importdata.IliReader [DEBUG] Add features: DM01AVCH24D.Liegenschaften.GrenzpunktPos
2014-05-27 08:31:12 org.catais.importdata.IliReader [DEBUG] Add features: DM01AVCH24D.Liegenschaften.GrenzpunktSymbol
2014-05-27 08:31:21 org.catais.importdata.IliReader [DEBUG] Add features: DM01AVCH24D.Liegenschaften.ProjGrundstueck
2014-05-27 08:31:21 org.catais.importdata.IliReader [DEBUG] Add features: DM01AVCH24D.Liegenschaften.ProjGrundstueckPos
2014-05-27 08:31:21 org.catais.importdata.IliReader [DEBUG] Add features: DM01AVCH24D.Liegenschaften.LSNachfuehrung
2014-05-27 08:31:21 org.catais.importdata.IliReader [DEBUG] Add features: DM01AVCH24D.Liegenschaften.ProjLiegenschaft
2014-05-27 08:31:21 org.catais.importdata.IliReader [DEBUG] Add features: DM01AVCH24D.Liegenschaften.Grundstueck
2014-05-27 08:31:22 org.catais.importdata.IliReader [DEBUG] Add features: DM01AVCH24D.Liegenschaften.GrundstueckPos
2014-05-27 08:31:25 org.catais.importdata.IliReader [DEBUG] Add features: DM01AVCH24D.Liegenschaften.Liegenschaft
2014-05-27 08:31:28 org.catais.importdata.IliReader [DEBUG] Add features: DM01AVCH24D.Liegenschaften.ProjLiegenschaft
2014-05-27 08:31:28 org.catais.importdata.IliReader [DEBUG] DM01AVCH24D.Rohrleitungen(oid itf8)...
2014-05-27 08:31:28 org.catais.importdata.IliReader [DEBUG] Add features: DM01AVCH24D.Liegenschaften.SelbstRecht
2014-05-27 08:31:28 org.catais.importdata.IliReader [DEBUG] DM01AVCH24D.Nummerierungsbereiche(oid itf9)...
2014-05-27 08:31:28 org.catais.importdata.IliReader [DEBUG] Add features: DM01AVCH24D.Liegenschaften.SelbstRecht
2014-05-27 08:31:28 org.catais.importdata.IliReader [DEBUG] Add features: DM01AVCH24D.Nummerierungsbereiche.Nummerierungsbereich
2014-05-27 08:31:28 org.catais.importdata.IliReader [DEBUG] Add features: DM01AVCH24D.Rohrleitungen.RLNachfuehrung
2014-05-27 08:31:28 org.catais.importdata.IliReader [DEBUG] Add features: DM01AVCH24D.Rohrleitungen.RLNachfuehrung
2014-05-27 08:31:28 org.catais.importdata.IliReader [DEBUG] Add features: DM01AVCH24D.Nummerierungsbereiche.NBGeometrie
2014-05-27 08:31:29 org.catais.importdata.IliReader [DEBUG] DM01AVCH24D.Gemeindegrenzen(oid itf10)...
2014-05-27 08:31:29 org.catais.importdata.IliReader [DEBUG] Add features: DM01AVCH24D.Nummerierungsbereiche.NummerierungsbereichPos
2014-05-27 08:31:29 org.catais.importdata.IliReader [DEBUG] Add features: DM01AVCH24D.Nummerierungsbereiche.NBGeometrie
2014-05-27 08:31:29 org.catais.importdata.IliReader [DEBUG] Add features: DM01AVCH24D.Gemeindegrenzen.Hoheitsgrenzpunkt
2014-05-27 08:31:29 org.catais.importdata.IliReader [DEBUG] Add features: DM01AVCH24D.Gemeindegrenzen.GEMNachfuehrung
2014-05-27 08:31:29 org.catais.importdata.IliReader [DEBUG] Add features: DM01AVCH24D.Gemeindegrenzen.HoheitsgrenzpunktPos
2014-05-27 08:31:29 org.catais.importdata.IliReader [DEBUG] Add features: DM01AVCH24D.Gemeindegrenzen.HoheitsgrenzpunktSymbol
2014-05-27 08:31:30 org.catais.importdata.IliReader [DEBUG] Add features: DM01AVCH24D.Gemeindegrenzen.Gemeinde
2014-05-27 08:31:30 org.catais.importdata.IliReader [DEBUG] DM01AVCH24D.Bezirksgrenzen(oid itf11)...
2014-05-27 08:31:30 org.catais.importdata.IliReader [DEBUG] Add features: DM01AVCH24D.Gemeindegrenzen.Gemeindegrenze
2014-05-27 08:31:30 org.catais.importdata.IliReader [DEBUG] DM01AVCH24D.Kantonsgrenzen(oid itf12)...
2014-05-27 08:31:30 org.catais.importdata.IliReader [DEBUG] Add features: DM01AVCH24D.Bezirksgrenzen.Bezirksgrenzabschnitt
2014-05-27 08:31:30 org.catais.importdata.IliReader [DEBUG] DM01AVCH24D.Landesgrenzen(oid itf13)...
2014-05-27 08:31:30 org.catais.importdata.IliReader [DEBUG] DM01AVCH24D.Planeinteilungen(oid itf14)...
2014-05-27 08:31:30 org.catais.importdata.IliReader [DEBUG] Add features: DM01AVCH24D.Kantonsgrenzen.Kantonsgrenzabschnitt
2014-05-27 08:31:30 org.catais.importdata.IliReader [DEBUG] Add features: DM01AVCH24D.Planeinteilungen.Plan
2014-05-27 08:31:30 org.catais.importdata.IliReader [DEBUG] Add features: DM01AVCH24D.Planeinteilungen.Plangeometrie
2014-05-27 08:31:30 org.catais.importdata.IliReader [DEBUG] DM01AVCH24D.TSEinteilung(oid itf15)...
2014-05-27 08:31:30 org.catais.importdata.IliReader [DEBUG] Add features: DM01AVCH24D.Planeinteilungen.PlanPos
2014-05-27 08:31:30 org.catais.importdata.IliReader [DEBUG] Add features: DM01AVCH24D.TSEinteilung.Toleranzstufe
2014-05-27 08:31:31 org.catais.importdata.IliReader [DEBUG] DM01AVCH24D.Rutschgebiete(oid itf16)...
2014-05-27 08:31:31 org.catais.importdata.IliReader [DEBUG] DM01AVCH24D.Gebaeudeadressen(oid itf17)...
2014-05-27 08:31:31 org.catais.importdata.IliReader [DEBUG] Add features: DM01AVCH24D.TSEinteilung.ToleranzstufePos
2014-05-27 08:31:31 org.catais.importdata.IliReader [DEBUG] Add features: DM01AVCH24D.Gemeindegrenzen.GEMNachfuehrung
2014-05-27 08:31:31 org.catais.importdata.IliReader [DEBUG] Add features: DM01AVCH24D.Gebaeudeadressen.Lokalisation
2014-05-27 08:31:31 org.catais.importdata.IliReader [DEBUG] Add features: DM01AVCH24D.Gebaeudeadressen.GEBNachfuehrung
2014-05-27 08:31:31 org.catais.importdata.IliReader [DEBUG] Add features: DM01AVCH24D.Gebaeudeadressen.LokalisationsName
2014-05-27 08:31:31 org.catais.importdata.IliReader [DEBUG] Add features: DM01AVCH24D.Gebaeudeadressen.LokalisationsNamePos
2014-05-27 08:31:32 org.catais.importdata.IliReader [DEBUG] Add features: DM01AVCH24D.Gebaeudeadressen.GEBNachfuehrung
2014-05-27 08:31:32 org.catais.importdata.IliReader [DEBUG] Add features: DM01AVCH24D.Gebaeudeadressen.BenanntesGebiet
2014-05-27 08:31:32 org.catais.importdata.IliReader [DEBUG] Add features: DM01AVCH24D.Gebaeudeadressen.Strassenstueck
2014-05-27 08:31:34 org.catais.importdata.IliReader [DEBUG] Add features: DM01AVCH24D.Gebaeudeadressen.Gebaeudeeingang
2014-05-27 08:31:36 org.catais.importdata.IliReader [DEBUG] DM01AVCH24D.Planrahmen(oid itf18)...
2014-05-27 08:31:36 org.catais.importdata.IliReader [DEBUG] Add features: DM01AVCH24D.Gebaeudeadressen.HausnummerPos
2014-05-27 08:31:37 org.catais.importdata.IliReader [DEBUG] Add features: DM01AVCH24D.Planrahmen.PlanLayout
2014-05-27 08:31:37 org.catais.importdata.IliReader [DEBUG] Add features: DM01AVCH24D.Planrahmen.Planbeschriftung
2014-05-27 08:31:37 org.catais.importdata.IliReader [DEBUG] Add features: DM01AVCH24D.Planrahmen.PlanbeschriftungPos
2014-05-27 08:31:38 org.catais.importdata.IliReader [DEBUG] Committing Transaction...
2014-05-27 08:31:38 org.catais.importdata.ImportDataAVGeoPortal [INFO] Copying file...
2014-05-27 08:31:38 org.catais.importdata.ImportDataAVGeoPortal [INFO] File copied: /tmp/lisag_1322_l1.itf
2014-05-27 08:31:38 org.catais.importdata.ImportDataAVGeoPortal [INFO] Import done: lisag_1322_l1.itf
2014-05-27 08:31:38 org.catais.importdata.ImportDataAVGeoPortal [INFO] Import: /home/stefan/Geodaten/av/sz/tmp/lisag_1343_l1.itf
2014-05-27 08:31:38 org.catais.importdata.IliReader [DEBUG] inputRepoModelName: DM01AVCH24D
2014-05-27 08:31:38 org.catais.importdata.IliReader [DEBUG] enumText: true
2014-05-27 08:31:38 org.catais.importdata.IliReader [DEBUG] host: localhost
2014-05-27 08:31:38 org.catais.importdata.IliReader [DEBUG] port: 5432
2014-05-27 08:31:38 org.catais.importdata.IliReader [DEBUG] port: bpav_sz
2014-05-27 08:31:38 org.catais.importdata.IliReader [DEBUG] schema: av_avdpool_ch
2014-05-27 08:31:38 org.catais.importdata.IliReader [DEBUG] user: bpadmin
2014-05-27 08:31:38 org.catais.importdata.IliReader [DEBUG] pwd: bpadmin
2014-05-27 08:31:38 org.catais.importdata.IliReader [INFO] DM01AVCH24D
2014-05-27 08:31:38 org.catais.importdata.IliReader [DEBUG] Interlis model compiled
2014-05-27 08:31:38 org.catais.importdata.IliReader [DEBUG] Starting Transaction...
2014-05-27 08:31:38 org.catais.importdata.IliReader [INFO] Delete features: fixpunktekategorie1_lfp1nachfuehrung
2014-05-27 08:31:38 org.catais.importdata.IliReader [INFO] Delete features: fixpunktekategorie1_lfp1
2014-05-27 08:31:38 org.catais.importdata.IliReader [INFO] Delete features: fixpunktekategorie1_lfp1pos
2014-05-27 08:31:38 org.catais.importdata.IliReader [INFO] Delete features: fixpunktekategorie1_lfp1symbol
2014-05-27 08:31:38 org.catais.importdata.IliReader [INFO] Delete features: fixpunktekategorie1_hfp1nachfuehrung
2014-05-27 08:31:38 org.catais.importdata.IliReader [INFO] Delete features: fixpunktekategorie1_hfp1
2014-05-27 08:31:38 org.catais.importdata.IliReader [INFO] Delete features: fixpunktekategorie1_hfp1pos
2014-05-27 08:31:38 org.catais.importdata.IliReader [INFO] Delete features: fixpunktekategorie2_lfp2nachfuehrung
2014-05-27 08:31:38 org.catais.importdata.IliReader [INFO] Delete features: fixpunktekategorie2_lfp2
2014-05-27 08:31:38 org.catais.importdata.IliReader [INFO] Delete features: fixpunktekategorie2_lfp2pos
2014-05-27 08:31:38 org.catais.importdata.IliReader [INFO] Delete features: fixpunktekategorie2_lfp2symbol
2014-05-27 08:31:38 org.catais.importdata.IliReader [INFO] Delete features: fixpunktekategorie2_hfp2nachfuehrung
2014-05-27 08:31:38 org.catais.importdata.IliReader [INFO] Delete features: fixpunktekategorie2_hfp2
2014-05-27 08:31:38 org.catais.importdata.IliReader [INFO] Delete features: fixpunktekategorie2_hfp2pos
2014-05-27 08:31:38 org.catais.importdata.IliReader [INFO] Delete features: fixpunktekategorie3_lfp3nachfuehrung
2014-05-27 08:31:38 org.catais.importdata.IliReader [INFO] Delete features: fixpunktekategorie3_lfp3
2014-05-27 08:31:38 org.catais.importdata.IliReader [INFO] Delete features: fixpunktekategorie3_lfp3pos
2014-05-27 08:31:39 org.catais.importdata.IliReader [INFO] Delete features: fixpunktekategorie3_lfp3symbol
2014-05-27 08:31:39 org.catais.importdata.IliReader [INFO] Delete features: fixpunktekategorie3_hfp3nachfuehrung
2014-05-27 08:31:39 org.catais.importdata.IliReader [INFO] Delete features: fixpunktekategorie3_hfp3
2014-05-27 08:31:39 org.catais.importdata.IliReader [INFO] Delete features: fixpunktekategorie3_hfp3pos
2014-05-27 08:31:39 org.catais.importdata.IliReader [INFO] Delete features: bodenbedeckung_bbnachfuehrung
2014-05-27 08:31:39 org.catais.importdata.IliReader [INFO] Delete features: bodenbedeckung_projboflaeche
2014-05-27 08:31:39 org.catais.importdata.IliReader [INFO] Delete features: bodenbedeckung_projgebaeudenummer
2014-05-27 08:31:39 org.catais.importdata.IliReader [INFO] Delete features: bodenbedeckung_projgebaeudenummerpos
2014-05-27 08:31:39 org.catais.importdata.IliReader [INFO] Delete features: bodenbedeckung_projobjektname
2014-05-27 08:31:39 org.catais.importdata.IliReader [INFO] Delete features: bodenbedeckung_projobjektnamepos
2014-05-27 08:31:39 org.catais.importdata.IliReader [INFO] Delete features: bodenbedeckung_projboflaechesymbol
2014-05-27 08:31:39 org.catais.importdata.IliReader [INFO] Delete features: bodenbedeckung_boflaeche
2014-05-27 08:31:39 org.catais.importdata.IliReader [INFO] Delete features: bodenbedeckung_gebaeudenummer
2014-05-27 08:31:39 org.catais.importdata.IliReader [INFO] Delete features: bodenbedeckung_gebaeudenummerpos
2014-05-27 08:31:39 org.catais.importdata.IliReader [INFO] Delete features: bodenbedeckung_objektname
2014-05-27 08:31:39 org.catais.importdata.IliReader [INFO] Delete features: bodenbedeckung_objektnamepos
2014-05-27 08:31:39 org.catais.importdata.IliReader [INFO] Delete features: bodenbedeckung_boflaechesymbol
2014-05-27 08:31:39 org.catais.importdata.IliReader [INFO] Delete features: bodenbedeckung_einzelpunkt
2014-05-27 08:31:39 org.catais.importdata.IliReader [INFO] Delete features: bodenbedeckung_einzelpunktpos
2014-05-27 08:31:39 org.catais.importdata.IliReader [INFO] Delete features: einzelobjekte_eonachfuehrung
2014-05-27 08:31:39 org.catais.importdata.IliReader [INFO] Delete features: einzelobjekte_einzelobjekt
2014-05-27 08:31:39 org.catais.importdata.IliReader [INFO] Delete features: einzelobjekte_flaechenelement
2014-05-27 08:31:39 org.catais.importdata.IliReader [INFO] Delete features: einzelobjekte_flaechenelementsymbol
2014-05-27 08:31:39 org.catais.importdata.IliReader [INFO] Delete features: einzelobjekte_linienelement
2014-05-27 08:31:39 org.catais.importdata.IliReader [INFO] Delete features: einzelobjekte_linienelementsymbol
2014-05-27 08:31:39 org.catais.importdata.IliReader [INFO] Delete features: einzelobjekte_punktelement
2014-05-27 08:31:39 org.catais.importdata.IliReader [INFO] Delete features: einzelobjekte_objektname
2014-05-27 08:31:39 org.catais.importdata.IliReader [INFO] Delete features: einzelobjekte_objektnamepos
2014-05-27 08:31:39 org.catais.importdata.IliReader [INFO] Delete features: einzelobjekte_objektnummer
2014-05-27 08:31:39 org.catais.importdata.IliReader [INFO] Delete features: einzelobjekte_objektnummerpos
2014-05-27 08:31:39 org.catais.importdata.IliReader [INFO] Delete features: einzelobjekte_einzelpunkt
2014-05-27 08:31:40 org.catais.importdata.IliReader [INFO] Delete features: einzelobjekte_einzelpunktpos
2014-05-27 08:31:40 org.catais.importdata.IliReader [INFO] Delete features: hoehen_honachfuehrung
2014-05-27 08:31:40 org.catais.importdata.IliReader [INFO] Delete features: hoehen_hoehenpunkt
2014-05-27 08:31:40 org.catais.importdata.IliReader [INFO] Delete features: hoehen_hoehenpunktpos
2014-05-27 08:31:40 org.catais.importdata.IliReader [INFO] Delete features: hoehen_gelaendekante
2014-05-27 08:31:40 org.catais.importdata.IliReader [INFO] Delete features: hoehen_aussparung
2014-05-27 08:31:40 org.catais.importdata.IliReader [INFO] Delete features: nomenklatur_nknachfuehrung
2014-05-27 08:31:40 org.catais.importdata.IliReader [INFO] Delete features: nomenklatur_flurname
2014-05-27 08:31:40 org.catais.importdata.IliReader [INFO] Delete features: nomenklatur_flurnamepos
2014-05-27 08:31:40 org.catais.importdata.IliReader [INFO] Delete features: nomenklatur_ortsname
2014-05-27 08:31:40 org.catais.importdata.IliReader [INFO] Delete features: nomenklatur_ortsnamepos
2014-05-27 08:31:40 org.catais.importdata.IliReader [INFO] Delete features: nomenklatur_gelaendename
2014-05-27 08:31:40 org.catais.importdata.IliReader [INFO] Delete features: nomenklatur_gelaendenamepos
2014-05-27 08:31:40 org.catais.importdata.IliReader [INFO] Delete features: liegenschaften_lsnachfuehrung
2014-05-27 08:31:40 org.catais.importdata.IliReader [INFO] Delete features: liegenschaften_grenzpunkt
2014-05-27 08:31:40 org.catais.importdata.IliReader [INFO] Delete features: liegenschaften_grenzpunktpos
2014-05-27 08:31:40 org.catais.importdata.IliReader [INFO] Delete features: liegenschaften_grenzpunktsymbol
2014-05-27 08:31:40 org.catais.importdata.IliReader [INFO] Delete features: liegenschaften_projgrundstueck
2014-05-27 08:31:40 org.catais.importdata.IliReader [INFO] Delete features: liegenschaften_projgrundstueckpos
2014-05-27 08:31:40 org.catais.importdata.IliReader [INFO] Delete features: liegenschaften_lineattrib1
2014-05-27 08:31:40 org.catais.importdata.IliReader [INFO] Delete features: liegenschaften_projliegenschaft
2014-05-27 08:31:40 org.catais.importdata.IliReader [INFO] Delete features: liegenschaften_lineattrib2
2014-05-27 08:31:40 org.catais.importdata.IliReader [INFO] Delete features: liegenschaften_projselbstrecht
2014-05-27 08:31:40 org.catais.importdata.IliReader [INFO] Delete features: liegenschaften_lineattrib3
2014-05-27 08:31:40 org.catais.importdata.IliReader [INFO] Delete features: liegenschaften_projbergwerk
2014-05-27 08:31:40 org.catais.importdata.IliReader [INFO] Delete features: liegenschaften_grundstueck
2014-05-27 08:31:40 org.catais.importdata.IliReader [INFO] Delete features: liegenschaften_grundstueckpos
2014-05-27 08:31:40 org.catais.importdata.IliReader [INFO] Delete features: liegenschaften_lineattrib4
2014-05-27 08:31:40 org.catais.importdata.IliReader [INFO] Delete features: liegenschaften_liegenschaft
2014-05-27 08:31:40 org.catais.importdata.IliReader [INFO] Delete features: liegenschaften_lineattrib5
2014-05-27 08:31:40 org.catais.importdata.IliReader [INFO] Delete features: liegenschaften_selbstrecht
2014-05-27 08:31:40 org.catais.importdata.IliReader [INFO] Delete features: liegenschaften_lineattrib6
2014-05-27 08:31:40 org.catais.importdata.IliReader [INFO] Delete features: liegenschaften_bergwerk
2014-05-27 08:31:40 org.catais.importdata.IliReader [INFO] Delete features: rohrleitungen_rlnachfuehrung
2014-05-27 08:31:40 org.catais.importdata.IliReader [INFO] Delete features: rohrleitungen_leitungsobjekt
2014-05-27 08:31:40 org.catais.importdata.IliReader [INFO] Delete features: rohrleitungen_leitungsobjektpos
2014-05-27 08:31:40 org.catais.importdata.IliReader [INFO] Delete features: rohrleitungen_lineattrib7
2014-05-27 08:31:40 org.catais.importdata.IliReader [INFO] Delete features: rohrleitungen_flaechenelement
2014-05-27 08:31:40 org.catais.importdata.IliReader [INFO] Delete features: rohrleitungen_linienelement
2014-05-27 08:31:40 org.catais.importdata.IliReader [INFO] Delete features: rohrleitungen_punktelement
2014-05-27 08:31:40 org.catais.importdata.IliReader [INFO] Delete features: rohrleitungen_signalpunkt
2014-05-27 08:31:40 org.catais.importdata.IliReader [INFO] Delete features: rohrleitungen_signalpunktpos
2014-05-27 08:31:40 org.catais.importdata.IliReader [INFO] Delete features: rohrleitungen_einzelpunkt
2014-05-27 08:31:40 org.catais.importdata.IliReader [INFO] Delete features: rohrleitungen_einzelpunktpos
2014-05-27 08:31:40 org.catais.importdata.IliReader [INFO] Delete features: nummerierungsbereiche_nummerierungsbereich
2014-05-27 08:31:40 org.catais.importdata.IliReader [INFO] Delete features: nummerierungsbereiche_nbgeometrie
2014-05-27 08:31:40 org.catais.importdata.IliReader [INFO] Delete features: nummerierungsbereiche_nummerierungsbereichpos
2014-05-27 08:31:40 org.catais.importdata.IliReader [INFO] Delete features: gemeindegrenzen_gemnachfuehrung
2014-05-27 08:31:40 org.catais.importdata.IliReader [INFO] Delete features: gemeindegrenzen_hoheitsgrenzpunkt
2014-05-27 08:31:40 org.catais.importdata.IliReader [INFO] Delete features: gemeindegrenzen_hoheitsgrenzpunktpos
2014-05-27 08:31:40 org.catais.importdata.IliReader [INFO] Delete features: gemeindegrenzen_hoheitsgrenzpunktsymbol
2014-05-27 08:31:40 org.catais.importdata.IliReader [INFO] Delete features: gemeindegrenzen_gemeinde
2014-05-27 08:31:40 org.catais.importdata.IliReader [INFO] Delete features: gemeindegrenzen_projgemeindegrenze
2014-05-27 08:31:40 org.catais.importdata.IliReader [INFO] Delete features: gemeindegrenzen_lineattrib8
2014-05-27 08:31:40 org.catais.importdata.IliReader [INFO] Delete features: gemeindegrenzen_gemeindegrenze
2014-05-27 08:31:40 org.catais.importdata.IliReader [INFO] Delete features: bezirksgrenzen_bezirksgrenzabschnitt
2014-05-27 08:31:41 org.catais.importdata.IliReader [INFO] Delete features: kantonsgrenzen_kantonsgrenzabschnitt
2014-05-27 08:31:41 org.catais.importdata.IliReader [INFO] Delete features: landesgrenzen_landesgrenzabschnitt
2014-05-27 08:31:41 org.catais.importdata.IliReader [INFO] Delete features: planeinteilungen_plan
2014-05-27 08:31:41 org.catais.importdata.IliReader [INFO] Delete features: planeinteilungen_plangeometrie
2014-05-27 08:31:41 org.catais.importdata.IliReader [INFO] Delete features: planeinteilungen_planpos
2014-05-27 08:31:41 org.catais.importdata.IliReader [INFO] Delete features: tseinteilung_toleranzstufe
2014-05-27 08:31:41 org.catais.importdata.IliReader [INFO] Delete features: tseinteilung_toleranzstufepos
2014-05-27 08:31:41 org.catais.importdata.IliReader [INFO] Delete features: rutschgebiete_rutschung
2014-05-27 08:31:41 org.catais.importdata.IliReader [INFO] Delete features: rutschgebiete_rutschungpos
2014-05-27 08:31:41 org.catais.importdata.IliReader [INFO] Delete features: plzortschaft_osnachfuehrung
2014-05-27 08:31:41 org.catais.importdata.IliReader [INFO] Delete features: plzortschaft_ortschaftsverbund
2014-05-27 08:31:41 org.catais.importdata.IliReader [INFO] Delete features: plzortschaft_ortschaftsverbundtext
2014-05-27 08:31:41 org.catais.importdata.IliReader [INFO] Delete features: plzortschaft_ortschaft
2014-05-27 08:31:41 org.catais.importdata.IliReader [INFO] Delete features: plzortschaft_ortschaftsname
2014-05-27 08:31:41 org.catais.importdata.IliReader [INFO] Delete features: plzortschaft_ortschaftsname_pos
2014-05-27 08:31:41 org.catais.importdata.IliReader [INFO] Delete features: plzortschaft_plz6nachfuehrung
2014-05-27 08:31:41 org.catais.importdata.IliReader [INFO] Delete features: plzortschaft_plz6
2014-05-27 08:31:41 org.catais.importdata.IliReader [INFO] Delete features: gebaeudeadressen_gebnachfuehrung
2014-05-27 08:31:41 org.catais.importdata.IliReader [INFO] Delete features: gebaeudeadressen_lokalisation
2014-05-27 08:31:41 org.catais.importdata.IliReader [INFO] Delete features: gebaeudeadressen_lokalisationsname
2014-05-27 08:31:41 org.catais.importdata.IliReader [INFO] Delete features: gebaeudeadressen_lokalisationsnamepos
2014-05-27 08:31:41 org.catais.importdata.IliReader [INFO] Delete features: gebaeudeadressen_benanntesgebiet
2014-05-27 08:31:41 org.catais.importdata.IliReader [INFO] Delete features: gebaeudeadressen_strassenstueck
2014-05-27 08:31:41 org.catais.importdata.IliReader [INFO] Delete features: gebaeudeadressen_gebaeudeeingang
2014-05-27 08:31:41 org.catais.importdata.IliReader [INFO] Delete features: gebaeudeadressen_hausnummerpos
2014-05-27 08:31:41 org.catais.importdata.IliReader [INFO] Delete features: gebaeudeadressen_gebaeudename
2014-05-27 08:31:41 org.catais.importdata.IliReader [INFO] Delete features: gebaeudeadressen_gebaeudenamepos
2014-05-27 08:31:41 org.catais.importdata.IliReader [INFO] Delete features: gebaeudeadressen_gebaeudebeschreibung
2014-05-27 08:31:41 org.catais.importdata.IliReader [INFO] Delete features: planrahmen_planlayout
2014-05-27 08:31:41 org.catais.importdata.IliReader [INFO] Delete features: planrahmen_planbeschriftung
2014-05-27 08:31:41 org.catais.importdata.IliReader [INFO] Delete features: planrahmen_planbeschriftungpos
2014-05-27 08:31:41 org.catais.importdata.IliReader [INFO] Delete features: planrahmen_koordinatenanschrift
2014-05-27 08:31:41 org.catais.importdata.IliReader [INFO] Delete features: planrahmen_koordinatenanschriftpos
2014-05-27 08:31:41 org.catais.importdata.IliReader [INFO] Delete features: planrahmen_linienobjekt
2014-05-27 08:31:41 org.catais.importdata.IliReader [INFO] Delete features: planrahmen_koordinatenlinie
2014-05-27 08:31:41 org.catais.importdata.IliReader [INFO] Delete features: planrahmen_darstellungsflaeche
2014-05-27 08:31:41 org.catais.importdata.IliReader [INFO] Delete features: planrahmen_planlayoutsymbol
2014-05-27 08:31:41 org.catais.importdata.IliReader [INFO] Delete features: planrahmen_netzkreuz
2014-05-27 08:31:41 org.catais.importdata.IliReader [DEBUG] DM01AVCH24D.FixpunkteKategorie1(oid itf0)...
2014-05-27 08:31:41 org.catais.importdata.IliReader [DEBUG] DM01AVCH24D.FixpunkteKategorie2(oid itf1)...
2014-05-27 08:31:41 org.catais.importdata.IliReader [DEBUG] Add features: DM01AVCH24D.FixpunkteKategorie2.LFP2
2014-05-27 08:31:41 org.catais.importdata.IliReader [DEBUG] Add features: DM01AVCH24D.FixpunkteKategorie2.LFP2Nachfuehrung
2014-05-27 08:31:41 org.catais.importdata.IliReader [DEBUG] Add features: DM01AVCH24D.FixpunkteKategorie2.LFP2Pos
2014-05-27 08:31:41 org.catais.importdata.IliReader [DEBUG] DM01AVCH24D.FixpunkteKategorie3(oid itf2)...
2014-05-27 08:31:41 org.catais.importdata.IliReader [DEBUG] Add features: DM01AVCH24D.FixpunkteKategorie2.LFP2Symbol
2014-05-27 08:31:41 org.catais.importdata.IliReader [DEBUG] Add features: DM01AVCH24D.FixpunkteKategorie2.LFP2Nachfuehrung
2014-05-27 08:31:41 org.catais.importdata.IliReader [DEBUG] Add features: DM01AVCH24D.FixpunkteKategorie3.LFP3
2014-05-27 08:31:42 org.catais.importdata.IliReader [DEBUG] Add features: DM01AVCH24D.FixpunkteKategorie3.LFP3Nachfuehrung
2014-05-27 08:31:42 org.catais.importdata.IliReader [DEBUG] Add features: DM01AVCH24D.FixpunkteKategorie3.LFP3Pos
2014-05-27 08:31:43 org.catais.importdata.IliReader [DEBUG] Add features: DM01AVCH24D.FixpunkteKategorie3.LFP3Symbol
2014-05-27 08:31:43 org.catais.importdata.IliReader [DEBUG] DM01AVCH24D.Bodenbedeckung(oid itf3)...
2014-05-27 08:31:43 org.catais.importdata.IliReader [DEBUG] Add features: DM01AVCH24D.FixpunkteKategorie3.LFP3Nachfuehrung
2014-05-27 08:31:43 org.catais.importdata.IliReader [DEBUG] Add features: DM01AVCH24D.FixpunkteKategorie3.HFP3Nachfuehrung
2014-05-27 08:31:44 org.catais.importdata.IliReader [DEBUG] Add features: DM01AVCH24D.Bodenbedeckung.BBNachfuehrung
2014-05-27 08:31:44 org.catais.importdata.IliReader [DEBUG] Add features: DM01AVCH24D.Bodenbedeckung.BoFlaeche
2014-05-27 08:31:47 org.catais.importdata.IliReader [DEBUG] Add features: DM01AVCH24D.Bodenbedeckung.Gebaeudenummer
2014-05-27 08:31:47 org.catais.importdata.IliReader [DEBUG] Add features: DM01AVCH24D.Bodenbedeckung.GebaeudenummerPos
2014-05-27 08:31:47 org.catais.importdata.IliReader [DEBUG] Add features: DM01AVCH24D.Bodenbedeckung.Objektname
2014-05-27 08:31:47 org.catais.importdata.IliReader [DEBUG] Add features: DM01AVCH24D.Bodenbedeckung.ObjektnamePos
2014-05-27 08:31:47 org.catais.importdata.IliReader [DEBUG] Add features: DM01AVCH24D.Bodenbedeckung.BoFlaecheSymbol
2014-05-27 08:31:47 org.catais.importdata.IliReader [DEBUG] Add features: DM01AVCH24D.Bodenbedeckung.Einzelpunkt
2014-05-27 08:31:48 org.catais.importdata.IliReader [DEBUG] DM01AVCH24D.Einzelobjekte(oid itf4)...
2014-05-27 08:31:48 org.catais.importdata.IliReader [DEBUG] Add features: DM01AVCH24D.Bodenbedeckung.EinzelpunktPos
2014-05-27 08:31:48 org.catais.importdata.IliReader [DEBUG] Add features: DM01AVCH24D.Bodenbedeckung.BBNachfuehrung
2014-05-27 08:31:48 org.catais.importdata.IliReader [DEBUG] Add features: DM01AVCH24D.Einzelobjekte.Einzelobjekt
2014-05-27 08:31:48 org.catais.importdata.IliReader [DEBUG] Add features: DM01AVCH24D.Einzelobjekte.EONachfuehrung
2014-05-27 08:31:48 org.catais.importdata.IliReader [DEBUG] Add features: DM01AVCH24D.Einzelobjekte.EONachfuehrung
2014-05-27 08:31:48 org.catais.importdata.IliReader [DEBUG] Add features: DM01AVCH24D.Einzelobjekte.Flaechenelement
2014-05-27 08:31:49 org.catais.importdata.IliReader [DEBUG] Add features: DM01AVCH24D.Einzelobjekte.Linienelement
2014-05-27 08:31:49 org.catais.importdata.IliReader [DEBUG] Add features: DM01AVCH24D.Einzelobjekte.Punktelement
2014-05-27 08:31:49 org.catais.importdata.IliReader [DEBUG] Add features: DM01AVCH24D.Einzelobjekte.Objektnummer
2014-05-27 08:31:49 org.catais.importdata.IliReader [DEBUG] Add features: DM01AVCH24D.Einzelobjekte.ObjektnummerPos
2014-05-27 08:31:49 org.catais.importdata.IliReader [DEBUG] Add features: DM01AVCH24D.Einzelobjekte.Einzelpunkt
2014-05-27 08:31:49 org.catais.importdata.IliReader [DEBUG] DM01AVCH24D.Hoehen(oid itf5)...
2014-05-27 08:31:49 org.catais.importdata.IliReader [DEBUG] DM01AVCH24D.Nomenklatur(oid itf6)...
2014-05-27 08:31:49 org.catais.importdata.IliReader [DEBUG] Add features: DM01AVCH24D.Einzelobjekte.EinzelpunktPos
2014-05-27 08:31:49 org.catais.importdata.IliReader [DEBUG] Add features: DM01AVCH24D.Einzelobjekte.Flaechenelement
2014-05-27 08:31:49 org.catais.importdata.IliReader [DEBUG] Add features: DM01AVCH24D.Nomenklatur.NKNachfuehrung
2014-05-27 08:31:49 org.catais.importdata.IliReader [DEBUG] Add features: DM01AVCH24D.Nomenklatur.Flurname
2014-05-27 08:31:50 org.catais.importdata.IliReader [DEBUG] Add features: DM01AVCH24D.Nomenklatur.FlurnamePos
2014-05-27 08:31:50 org.catais.importdata.IliReader [DEBUG] Add features: DM01AVCH24D.Nomenklatur.NKNachfuehrung
2014-05-27 08:31:50 org.catais.importdata.IliReader [DEBUG] Add features: DM01AVCH24D.Nomenklatur.Ortsname
2014-05-27 08:31:50 org.catais.importdata.IliReader [DEBUG] DM01AVCH24D.Liegenschaften(oid itf7)...
2014-05-27 08:31:50 org.catais.importdata.IliReader [DEBUG] Add features: DM01AVCH24D.Nomenklatur.OrtsnamePos
2014-05-27 08:31:50 org.catais.importdata.IliReader [DEBUG] Add features: DM01AVCH24D.Nomenklatur.Ortsname
2014-05-27 08:31:50 org.catais.importdata.IliReader [DEBUG] Add features: DM01AVCH24D.Liegenschaften.LSNachfuehrung
2014-05-27 08:31:50 org.catais.importdata.IliReader [DEBUG] Add features: DM01AVCH24D.Liegenschaften.Grenzpunkt
2014-05-27 08:31:51 org.catais.importdata.IliReader [DEBUG] Add features: DM01AVCH24D.Liegenschaften.GrenzpunktPos
2014-05-27 08:31:52 org.catais.importdata.IliReader [DEBUG] Add features: DM01AVCH24D.Liegenschaften.GrenzpunktSymbol
2014-05-27 08:31:54 org.catais.importdata.IliReader [DEBUG] Add features: DM01AVCH24D.Liegenschaften.ProjGrundstueck
2014-05-27 08:31:54 org.catais.importdata.IliReader [DEBUG] Add features: DM01AVCH24D.Liegenschaften.ProjGrundstueckPos
2014-05-27 08:31:54 org.catais.importdata.IliReader [DEBUG] Add features: DM01AVCH24D.Liegenschaften.LSNachfuehrung
2014-05-27 08:31:54 org.catais.importdata.IliReader [DEBUG] Add features: DM01AVCH24D.Liegenschaften.ProjLiegenschaft
2014-05-27 08:31:54 org.catais.importdata.IliReader [DEBUG] Add features: DM01AVCH24D.Liegenschaften.Grundstueck
2014-05-27 08:31:54 org.catais.importdata.IliReader [DEBUG] Add features: DM01AVCH24D.Liegenschaften.GrundstueckPos
2014-05-27 08:31:54 org.catais.importdata.IliReader [DEBUG] Add features: DM01AVCH24D.Liegenschaften.Liegenschaft
2014-05-27 08:31:54 org.catais.importdata.IliReader [DEBUG] Add features: DM01AVCH24D.Liegenschaften.ProjLiegenschaft
2014-05-27 08:31:54 org.catais.importdata.IliReader [DEBUG] DM01AVCH24D.Rohrleitungen(oid itf8)...
2014-05-27 08:31:54 org.catais.importdata.IliReader [DEBUG] Add features: DM01AVCH24D.Liegenschaften.SelbstRecht
2014-05-27 08:31:54 org.catais.importdata.IliReader [DEBUG] DM01AVCH24D.Nummerierungsbereiche(oid itf9)...
2014-05-27 08:31:54 org.catais.importdata.IliReader [DEBUG] Add features: DM01AVCH24D.Liegenschaften.SelbstRecht
2014-05-27 08:31:54 org.catais.importdata.IliReader [DEBUG] Add features: DM01AVCH24D.Nummerierungsbereiche.Nummerierungsbereich
2014-05-27 08:31:54 org.catais.importdata.IliReader [DEBUG] Add features: DM01AVCH24D.Rohrleitungen.RLNachfuehrung
2014-05-27 08:31:54 org.catais.importdata.IliReader [DEBUG] Add features: DM01AVCH24D.Rohrleitungen.RLNachfuehrung
2014-05-27 08:31:55 org.catais.importdata.IliReader [DEBUG] Add features: DM01AVCH24D.Nummerierungsbereiche.NBGeometrie
2014-05-27 08:31:55 org.catais.importdata.IliReader [DEBUG] DM01AVCH24D.Gemeindegrenzen(oid itf10)...
2014-05-27 08:31:55 org.catais.importdata.IliReader [DEBUG] Add features: DM01AVCH24D.Nummerierungsbereiche.NummerierungsbereichPos
2014-05-27 08:31:55 org.catais.importdata.IliReader [DEBUG] Add features: DM01AVCH24D.Nummerierungsbereiche.NBGeometrie
2014-05-27 08:31:55 org.catais.importdata.IliReader [DEBUG] Add features: DM01AVCH24D.Gemeindegrenzen.Hoheitsgrenzpunkt
2014-05-27 08:31:55 org.catais.importdata.IliReader [DEBUG] Add features: DM01AVCH24D.Gemeindegrenzen.GEMNachfuehrung
2014-05-27 08:31:55 org.catais.importdata.IliReader [DEBUG] Add features: DM01AVCH24D.Gemeindegrenzen.HoheitsgrenzpunktPos
2014-05-27 08:31:55 org.catais.importdata.IliReader [DEBUG] Add features: DM01AVCH24D.Gemeindegrenzen.HoheitsgrenzpunktSymbol
2014-05-27 08:31:55 org.catais.importdata.IliReader [DEBUG] Add features: DM01AVCH24D.Gemeindegrenzen.Gemeinde
2014-05-27 08:31:55 org.catais.importdata.IliReader [DEBUG] DM01AVCH24D.Bezirksgrenzen(oid itf11)...
2014-05-27 08:31:55 org.catais.importdata.IliReader [DEBUG] DM01AVCH24D.Kantonsgrenzen(oid itf12)...
2014-05-27 08:31:55 org.catais.importdata.IliReader [DEBUG] DM01AVCH24D.Landesgrenzen(oid itf13)...
2014-05-27 08:31:55 org.catais.importdata.IliReader [DEBUG] DM01AVCH24D.Planeinteilungen(oid itf14)...
2014-05-27 08:31:55 org.catais.importdata.IliReader [DEBUG] Add features: DM01AVCH24D.Gemeindegrenzen.Gemeindegrenze
2014-05-27 08:31:55 org.catais.importdata.IliReader [DEBUG] Add features: DM01AVCH24D.Planeinteilungen.Plan
2014-05-27 08:31:55 org.catais.importdata.IliReader [DEBUG] Add features: DM01AVCH24D.Planeinteilungen.Plangeometrie
2014-05-27 08:31:55 org.catais.importdata.IliReader [DEBUG] DM01AVCH24D.TSEinteilung(oid itf15)...
2014-05-27 08:31:55 org.catais.importdata.IliReader [DEBUG] Add features: DM01AVCH24D.Planeinteilungen.PlanPos
2014-05-27 08:31:55 org.catais.importdata.IliReader [DEBUG] Add features: DM01AVCH24D.TSEinteilung.Toleranzstufe
2014-05-27 08:31:55 org.catais.importdata.IliReader [DEBUG] DM01AVCH24D.Rutschgebiete(oid itf16)...
2014-05-27 08:31:55 org.catais.importdata.IliReader [DEBUG] DM01AVCH24D.Gebaeudeadressen(oid itf17)...
2014-05-27 08:31:55 org.catais.importdata.IliReader [DEBUG] Add features: DM01AVCH24D.TSEinteilung.ToleranzstufePos
2014-05-27 08:31:55 org.catais.importdata.IliReader [DEBUG] Add features: DM01AVCH24D.Gemeindegrenzen.GEMNachfuehrung
2014-05-27 08:31:55 org.catais.importdata.IliReader [DEBUG] Add features: DM01AVCH24D.Gebaeudeadressen.Lokalisation
2014-05-27 08:31:55 org.catais.importdata.IliReader [DEBUG] Add features: DM01AVCH24D.Gebaeudeadressen.GEBNachfuehrung
2014-05-27 08:31:55 org.catais.importdata.IliReader [DEBUG] Add features: DM01AVCH24D.Gebaeudeadressen.LokalisationsName
2014-05-27 08:31:55 org.catais.importdata.IliReader [DEBUG] Add features: DM01AVCH24D.Gebaeudeadressen.LokalisationsNamePos
2014-05-27 08:31:55 org.catais.importdata.IliReader [DEBUG] Add features: DM01AVCH24D.Gebaeudeadressen.GEBNachfuehrung
2014-05-27 08:31:55 org.catais.importdata.IliReader [DEBUG] Add features: DM01AVCH24D.Gebaeudeadressen.BenanntesGebiet
2014-05-27 08:31:55 org.catais.importdata.IliReader [DEBUG] Add features: DM01AVCH24D.Gebaeudeadressen.Strassenstueck
2014-05-27 08:31:56 org.catais.importdata.IliReader [DEBUG] Add features: DM01AVCH24D.Gebaeudeadressen.Gebaeudeeingang
2014-05-27 08:31:56 org.catais.importdata.IliReader [DEBUG] DM01AVCH24D.Planrahmen(oid itf18)...
2014-05-27 08:31:56 org.catais.importdata.IliReader [DEBUG] Add features: DM01AVCH24D.Gebaeudeadressen.HausnummerPos
2014-05-27 08:31:56 org.catais.importdata.IliReader [DEBUG] Add features: DM01AVCH24D.Planrahmen.PlanLayout
2014-05-27 08:31:56 org.catais.importdata.IliReader [DEBUG] Add features: DM01AVCH24D.Planrahmen.Planbeschriftung
2014-05-27 08:31:57 org.catais.importdata.IliReader [DEBUG] Add features: DM01AVCH24D.Planrahmen.PlanbeschriftungPos
2014-05-27 08:31:57 org.catais.importdata.IliReader [DEBUG] Add features: DM01AVCH24D.Planrahmen.Koordinatenanschrift
2014-05-27 08:31:57 org.catais.importdata.IliReader [DEBUG] Add features: DM01AVCH24D.Planrahmen.KoordinatenanschriftPos
2014-05-27 08:31:58 org.catais.importdata.IliReader [DEBUG] Add features: DM01AVCH24D.Planrahmen.KoordinatenLinie
2014-05-27 08:31:59 org.catais.importdata.IliReader [DEBUG] Add features: DM01AVCH24D.Gebaeudeadressen.BenanntesGebiet
2014-05-27 08:31:59 org.catais.importdata.IliReader [DEBUG] Add features: DM01AVCH24D.Planrahmen.Darstellungsflaeche
2014-05-27 08:31:59 org.catais.importdata.IliReader [DEBUG] Add features: DM01AVCH24D.Planrahmen.PlanLayoutSymbol
2014-05-27 08:31:59 org.catais.importdata.IliReader [DEBUG] Committing Transaction...
2014-05-27 08:31:59 org.catais.importdata.ImportDataAVGeoPortal [INFO] Copying file...
2014-05-27 08:31:59 org.catais.importdata.ImportDataAVGeoPortal [INFO] File copied: /tmp/lisag_1343_l1.itf
2014-05-27 08:31:59 org.catais.importdata.ImportDataAVGeoPortal [INFO] Import done: lisag_1343_l1.itf
2014-05-27 08:31:59 org.catais.Basisplan [INFO] Filelist with errors: []
2014-05-27 08:31:59 org.catais.Basisplan [INFO] End import.
2014-05-27 08:31:59 org.catais.Basisplan [INFO] Start Vacuum...
2014-05-27 08:31:59 org.catais.maintenance.Vacuum [INFO] Vacuumizing tables from: av_avdpool_ch
2014-05-27 08:33:37 org.catais.maintenance.Vacuum [INFO] Vacuumizing finished.
2014-05-27 08:33:37 org.catais.Basisplan [INFO] End Vacuum.
2014-05-27 08:33:37 org.catais.Basisplan [INFO] Start Reindexing...
2014-05-27 08:33:37 org.catais.maintenance.Reindex [INFO] Reindexing tables from: av_avdpool_ch
2014-05-27 08:35:44 org.catais.maintenance.Reindex [INFO] Reindexing finished.
2014-05-27 08:35:44 org.catais.Basisplan [INFO] End Reindexing.
2014-05-27 08:35:44 org.catais.Basisplan [INFO] Start deleting files...
2014-05-27 08:35:44 org.catais.utils.DeleteFiles [INFO] Files NOT to delete: []
2014-05-27 08:35:44 org.catais.utils.DeleteFiles [INFO] Delete: /home/stefan/Geodaten/av/sz/tmp/lisag_1367_l1.itf
2014-05-27 08:35:44 org.catais.utils.DeleteFiles [INFO] File deleted: /home/stefan/Geodaten/av/sz/tmp/lisag_1367_l1.itf
2014-05-27 08:35:44 org.catais.utils.DeleteFiles [INFO] Delete: /home/stefan/Geodaten/av/sz/tmp/lisag_1322_l1.itf
2014-05-27 08:35:44 org.catais.utils.DeleteFiles [INFO] File deleted: /home/stefan/Geodaten/av/sz/tmp/lisag_1322_l1.itf
2014-05-27 08:35:44 org.catais.utils.DeleteFiles [INFO] Delete: /home/stefan/Geodaten/av/sz/tmp/lisag_1343_l1.itf
2014-05-27 08:35:44 org.catais.utils.DeleteFiles [INFO] File deleted: /home/stefan/Geodaten/av/sz/tmp/lisag_1343_l1.itf
2014-05-27 08:35:44 org.catais.Basisplan [INFO] End deleting files.
2014-05-27 08:35:44 org.catais.Basisplan [INFO] End: Tue May 27 08:35:44 CEST 2014
